#
# There is insufficient memory for the Java Runtime Environment to continue.
# Native memory allocation (malloc) failed to allocate 32744 bytes for ChunkPool::allocate
# Possible reasons:
#   The system is out of physical RAM or swap space
#   In 32 bit mode, the process size limit was hit
# Possible solutions:
#   Reduce memory load on the system
#   Increase physical memory or swap space
#   Check if swap backing store is full
#   Use 64 bit Java on a 64 bit OS
#   Decrease Java heap size (-Xmx/-Xms)
#   Decrease number of Java threads
#   Decrease Java thread stack sizes (-Xss)
#   Set larger code cache with -XX:ReservedCodeCacheSize=
# This output file may be truncated or incomplete.
#
#  Out of Memory Error (allocation.cpp:273), pid=8868, tid=0x0000000000002240
#
# JRE version: Java(TM) SE Runtime Environment (8.0_144-b01) (build 1.8.0_144-b01)
# Java VM: Java HotSpot(TM) 64-Bit Server VM (25.144-b01 mixed mode windows-amd64 compressed oops)
# Failed to write core dump. Minidumps are not enabled by default on client versions of Windows
#

---------------  T H R E A D  ---------------

Current thread (0x000000005508a000):  JavaThread "C2 CompilerThread0" daemon [_thread_in_native, id=8768, stack(0x00000000566e0000,0x00000000567e0000)]

Stack: [0x00000000566e0000,0x00000000567e0000]
[error occurred during error reporting (printing stack bounds), id 0xc0000005]

Native frames: (J=compiled Java code, j=interpreted, Vv=VM code, C=native code)


Current CompileTask:
C2:   5843 1668       4       sun.nio.cs.UTF_8$Decoder::decodeArrayLoop (691 bytes)


---------------  P R O C E S S  ---------------

Java Threads: ( => current thread )
  0x000000005683c000 JavaThread "Service Thread" daemon [_thread_blocked, id=8856, stack(0x0000000056ee0000,0x0000000056fe0000)]
  0x00000000567f9000 JavaThread "C1 CompilerThread2" daemon [_thread_in_native, id=7064, stack(0x0000000056d30000,0x0000000056e30000)]
  0x00000000567e0800 JavaThread "C2 CompilerThread1" daemon [_thread_in_native, id=8616, stack(0x0000000055e70000,0x0000000055f70000)]
=>0x000000005508a000 JavaThread "C2 CompilerThread0" daemon [_thread_in_native, id=8768, stack(0x00000000566e0000,0x00000000567e0000)]
  0x0000000055084800 JavaThread "Attach Listener" daemon [_thread_blocked, id=8876, stack(0x0000000056520000,0x0000000056620000)]
  0x0000000055083000 JavaThread "Signal Dispatcher" daemon [_thread_blocked, id=8560, stack(0x00000000563a0000,0x00000000564a0000)]
  0x000000005506a800 JavaThread "Finalizer" daemon [_thread_blocked, id=6368, stack(0x0000000056230000,0x0000000056330000)]
  0x0000000055023800 JavaThread "Reference Handler" daemon [_thread_blocked, id=8896, stack(0x0000000056100000,0x0000000056200000)]
  0x00000000020a8000 JavaThread "main" [_thread_in_native, id=9172, stack(0x00000000023d0000,0x00000000024d0000)]

Other Threads:
  0x000000005501c000 VMThread [stack: 0x0000000055f70000,0x0000000056070000] [id=7784]
  0x0000000056897000 WatcherThread [stack: 0x0000000057160000,0x0000000057260000] [id=7356]

VM state:not at safepoint (normal execution)

VM Mutex/Monitor currently owned by a thread: None

Heap:
 PSYoungGen      total 35328K, used 23972K [0x00000000eb180000, 0x00000000ed680000, 0x0000000100000000)
  eden space 32768K, 65% used [0x00000000eb180000,0x00000000ec66d090,0x00000000ed180000)
  from space 2560K, 99% used [0x00000000ed400000,0x00000000ed67c010,0x00000000ed680000)
  to   space 2560K, 0% used [0x00000000ed180000,0x00000000ed180000,0x00000000ed400000)
 ParOldGen       total 44032K, used 5412K [0x00000000c1400000, 0x00000000c3f00000, 0x00000000eb180000)
  object space 44032K, 12% used [0x00000000c1400000,0x00000000c1949278,0x00000000c3f00000)
 Metaspace       used 14775K, capacity 14954K, committed 15232K, reserved 1062912K
  class space    used 1819K, capacity 1903K, committed 1920K, reserved 1048576K

Card table byte_map: [0x0000000011b60000,0x0000000011d60000] byte_map_base: 0x0000000011556000

Marking Bits: (ParMarkBitMap*) 0x000000006609d850
 Begin Bits: [0x0000000012530000, 0x00000000134e0000)
 End Bits:   [0x00000000134e0000, 0x0000000014490000)

Polling page: 0x0000000000330000

CodeCache: size=245760Kb used=5796Kb max_used=5796Kb free=239963Kb
 bounds [0x00000000027a0000, 0x0000000002d50000, 0x00000000117a0000]
 total_blobs=2012 nmethods=1667 adapters=257
 compilation: enabled

Compilation events (10 events):
Event: 5.805 Thread 0x000000005508a000 1668       4       sun.nio.cs.UTF_8$Decoder::decodeArrayLoop (691 bytes)
Event: 5.820 Thread 0x00000000567f9000 1669       3       java.io.BufferedReader::readLine (6 bytes)
Event: 5.820 Thread 0x00000000567f9000 nmethod 1669 0x0000000002d42390 code [0x0000000002d42500, 0x0000000002d426a8]
Event: 5.821 Thread 0x00000000567f9000 1671   !   3       org.codehaus.plexus.util.xml.pull.MXParser::parseComment (486 bytes)
Event: 5.826 Thread 0x00000000567f9000 nmethod 1671 0x0000000002d499d0 code [0x0000000002d49d80, 0x0000000002d4bc48]
Event: 5.826 Thread 0x00000000567f9000 1673   !   3       org.apache.maven.model.ConfigurationContainer::clone (98 bytes)
Event: 5.828 Thread 0x00000000567f9000 nmethod 1673 0x0000000002d4cf50 code [0x0000000002d4d1e0, 0x0000000002d4e388]
Event: 5.828 Thread 0x00000000567f9000 1674       3       java.lang.Thread::getContextClassLoader (32 bytes)
Event: 5.830 Thread 0x00000000567f9000 nmethod 1674 0x0000000002d489d0 code [0x0000000002d48bc0, 0x0000000002d49538]
Event: 5.836 Thread 0x00000000567f9000 1675       3       sun.nio.cs.UTF_8$Decoder::decode (779 bytes)

GC Heap History (8 events):
Event: 2.418 GC heap before
{Heap before GC invocations=1 (full 0):
 PSYoungGen      total 18944K, used 16384K [0x00000000eb180000, 0x00000000ec680000, 0x0000000100000000)
  eden space 16384K, 100% used [0x00000000eb180000,0x00000000ec180000,0x00000000ec180000)
  from space 2560K, 0% used [0x00000000ec400000,0x00000000ec400000,0x00000000ec680000)
  to   space 2560K, 0% used [0x00000000ec180000,0x00000000ec180000,0x00000000ec400000)
 ParOldGen       total 44032K, used 0K [0x00000000c1400000, 0x00000000c3f00000, 0x00000000eb180000)
  object space 44032K, 0% used [0x00000000c1400000,0x00000000c1400000,0x00000000c3f00000)
 Metaspace       used 6993K, capacity 7100K, committed 7296K, reserved 1056768K
  class space    used 818K, capacity 856K, committed 896K, reserved 1048576K
Event: 2.432 GC heap after
Heap after GC invocations=1 (full 0):
 PSYoungGen      total 18944K, used 2531K [0x00000000eb180000, 0x00000000ec680000, 0x0000000100000000)
  eden space 16384K, 0% used [0x00000000eb180000,0x00000000eb180000,0x00000000ec180000)
  from space 2560K, 98% used [0x00000000ec180000,0x00000000ec3f8ef8,0x00000000ec400000)
  to   space 2560K, 0% used [0x00000000ec400000,0x00000000ec400000,0x00000000ec680000)
 ParOldGen       total 44032K, used 1089K [0x00000000c1400000, 0x00000000c3f00000, 0x00000000eb180000)
  object space 44032K, 2% used [0x00000000c1400000,0x00000000c1510630,0x00000000c3f00000)
 Metaspace       used 6993K, capacity 7100K, committed 7296K, reserved 1056768K
  class space    used 818K, capacity 856K, committed 896K, reserved 1048576K
}
Event: 3.340 GC heap before
{Heap before GC invocations=2 (full 0):
 PSYoungGen      total 18944K, used 18915K [0x00000000eb180000, 0x00000000ec680000, 0x0000000100000000)
  eden space 16384K, 100% used [0x00000000eb180000,0x00000000ec180000,0x00000000ec180000)
  from space 2560K, 98% used [0x00000000ec180000,0x00000000ec3f8ef8,0x00000000ec400000)
  to   space 2560K, 0% used [0x00000000ec400000,0x00000000ec400000,0x00000000ec680000)
 ParOldGen       total 44032K, used 1089K [0x00000000c1400000, 0x00000000c3f00000, 0x00000000eb180000)
  object space 44032K, 2% used [0x00000000c1400000,0x00000000c1510630,0x00000000c3f00000)
 Metaspace       used 8162K, capacity 8284K, committed 8576K, reserved 1056768K
  class space    used 1010K, capacity 1080K, committed 1152K, reserved 1048576K
Event: 3.348 GC heap after
Heap after GC invocations=2 (full 0):
 PSYoungGen      total 18944K, used 2539K [0x00000000eb180000, 0x00000000ec680000, 0x0000000100000000)
  eden space 16384K, 0% used [0x00000000eb180000,0x00000000eb180000,0x00000000ec180000)
  from space 2560K, 99% used [0x00000000ec400000,0x00000000ec67ad60,0x00000000ec680000)
  to   space 2560K, 0% used [0x00000000ec180000,0x00000000ec180000,0x00000000ec400000)
 ParOldGen       total 44032K, used 1318K [0x00000000c1400000, 0x00000000c3f00000, 0x00000000eb180000)
  object space 44032K, 2% used [0x00000000c1400000,0x00000000c1549800,0x00000000c3f00000)
 Metaspace       used 8162K, capacity 8284K, committed 8576K, reserved 1056768K
  class space    used 1010K, capacity 1080K, committed 1152K, reserved 1048576K
}
Event: 3.965 GC heap before
{Heap before GC invocations=3 (full 0):
 PSYoungGen      total 18944K, used 18923K [0x00000000eb180000, 0x00000000ec680000, 0x0000000100000000)
  eden space 16384K, 100% used [0x00000000eb180000,0x00000000ec180000,0x00000000ec180000)
  from space 2560K, 99% used [0x00000000ec400000,0x00000000ec67ad60,0x00000000ec680000)
  to   space 2560K, 0% used [0x00000000ec180000,0x00000000ec180000,0x00000000ec400000)
 ParOldGen       total 44032K, used 1318K [0x00000000c1400000, 0x00000000c3f00000, 0x00000000eb180000)
  object space 44032K, 2% used [0x00000000c1400000,0x00000000c1549800,0x00000000c3f00000)
 Metaspace       used 9975K, capacity 10136K, committed 10368K, reserved 1058816K
  class space    used 1233K, capacity 1313K, committed 1408K, reserved 1048576K
Event: 3.996 GC heap after
Heap after GC invocations=3 (full 0):
 PSYoungGen      total 18944K, used 2549K [0x00000000eb180000, 0x00000000ed680000, 0x0000000100000000)
  eden space 16384K, 0% used [0x00000000eb180000,0x00000000eb180000,0x00000000ec180000)
  from space 2560K, 99% used [0x00000000ec180000,0x00000000ec3fd528,0x00000000ec400000)
  to   space 2560K, 0% used [0x00000000ed400000,0x00000000ed400000,0x00000000ed680000)
 ParOldGen       total 44032K, used 3003K [0x00000000c1400000, 0x00000000c3f00000, 0x00000000eb180000)
  object space 44032K, 6% used [0x00000000c1400000,0x00000000c16eee58,0x00000000c3f00000)
 Metaspace       used 9975K, capacity 10136K, committed 10368K, reserved 1058816K
  class space    used 1233K, capacity 1313K, committed 1408K, reserved 1048576K
}
Event: 4.581 GC heap before
{Heap before GC invocations=4 (full 0):
 PSYoungGen      total 18944K, used 18933K [0x00000000eb180000, 0x00000000ed680000, 0x0000000100000000)
  eden space 16384K, 100% used [0x00000000eb180000,0x00000000ec180000,0x00000000ec180000)
  from space 2560K, 99% used [0x00000000ec180000,0x00000000ec3fd528,0x00000000ec400000)
  to   space 2560K, 0% used [0x00000000ed400000,0x00000000ed400000,0x00000000ed680000)
 ParOldGen       total 44032K, used 3003K [0x00000000c1400000, 0x00000000c3f00000, 0x00000000eb180000)
  object space 44032K, 6% used [0x00000000c1400000,0x00000000c16eee58,0x00000000c3f00000)
 Metaspace       used 11907K, capacity 12104K, committed 12416K, reserved 1060864K
  class space    used 1492K, capacity 1604K, committed 1664K, reserved 1048576K
Event: 4.594 GC heap after
Heap after GC invocations=4 (full 0):
 PSYoungGen      total 35328K, used 2544K [0x00000000eb180000, 0x00000000ed680000, 0x0000000100000000)
  eden space 32768K, 0% used [0x00000000eb180000,0x00000000eb180000,0x00000000ed180000)
  from space 2560K, 99% used [0x00000000ed400000,0x00000000ed67c010,0x00000000ed680000)
  to   space 2560K, 0% used [0x00000000ed180000,0x00000000ed180000,0x00000000ed400000)
 ParOldGen       total 44032K, used 5412K [0x00000000c1400000, 0x00000000c3f00000, 0x00000000eb180000)
  object space 44032K, 12% used [0x00000000c1400000,0x00000000c1949278,0x00000000c3f00000)
 Metaspace       used 11907K, capacity 12104K, committed 12416K, reserved 1060864K
  class space    used 1492K, capacity 1604K, committed 1664K, reserved 1048576K
}

Deoptimization events (10 events):
Event: 4.920 Thread 0x00000000020a8000 Uncommon trap: reason=bimorphic action=maybe_recompile pc=0x0000000002b17bb8 method=java.util.HashMap.putVal(ILjava/lang/Object;Ljava/lang/Object;ZZ)Ljava/lang/Object; @ 203
Event: 4.920 Thread 0x00000000020a8000 Uncommon trap: reason=bimorphic action=maybe_recompile pc=0x0000000002b17bb8 method=java.util.HashMap.putVal(ILjava/lang/Object;Ljava/lang/Object;ZZ)Ljava/lang/Object; @ 203
Event: 4.920 Thread 0x00000000020a8000 Uncommon trap: reason=bimorphic action=maybe_recompile pc=0x0000000002b17bb8 method=java.util.HashMap.putVal(ILjava/lang/Object;Ljava/lang/Object;ZZ)Ljava/lang/Object; @ 203
Event: 5.015 Thread 0x00000000020a8000 Uncommon trap: reason=unstable_if action=reinterpret pc=0x0000000002c0e348 method=java.lang.reflect.Modifier.isSynthetic(I)Z @ 5
Event: 5.188 Thread 0x00000000020a8000 Uncommon trap: reason=null_check action=make_not_entrant pc=0x0000000002962a0c method=java.lang.String.equals(Ljava/lang/Object;)Z @ 8
Event: 5.363 Thread 0x00000000020a8000 Uncommon trap: reason=unstable_if action=reinterpret pc=0x0000000002a97248 method=org.codehaus.plexus.util.xml.pull.MXParser.isS(C)Z @ 21
Event: 5.451 Thread 0x00000000020a8000 Uncommon trap: reason=unstable_if action=reinterpret pc=0x0000000002932fa0 method=java.lang.String.replace(CC)Ljava/lang/String; @ 2
Event: 5.699 Thread 0x00000000020a8000 Uncommon trap: reason=unstable_if action=reinterpret pc=0x0000000002a3d184 method=sun.nio.cs.UTF_8$Decoder.decodeArrayLoop(Ljava/nio/ByteBuffer;Ljava/nio/CharBuffer;)Ljava/nio/charset/CoderResult; @ 84
Event: 5.765 Thread 0x00000000020a8000 Uncommon trap: reason=unstable_if action=reinterpret pc=0x0000000002d244dc method=org.codehaus.plexus.util.xml.pull.MXParser.nextImpl()I @ 1161
Event: 5.836 Thread 0x00000000020a8000 Uncommon trap: reason=unstable_if action=reinterpret pc=0x00000000029c32b8 method=sun.nio.cs.UTF_8$Decoder.decode([BII[C)I @ 30

Internal exceptions (10 events):
Event: 4.900 Thread 0x00000000020a8000 Exception <a 'java/lang/NoClassDefFoundError': com/google/inject/servlet/ServletModuleTargetVisitor> (0x00000000eb68bf18) thrown at [C:\re\workspace\8-2-build-windows-amd64-cygwin\jdk8u144\9417\hotspot\src\share\vm\classfile\systemDictionary.cpp, line 199
Event: 4.900 Thread 0x00000000020a8000 Exception <a 'java/lang/NoClassDefFoundError'> (0x00000000eb68bf18) thrown at [C:\re\workspace\8-2-build-windows-amd64-cygwin\jdk8u144\9417\hotspot\src\share\vm\prims\jvm.cpp, line 1394]
Event: 4.900 Thread 0x00000000020a8000 Exception <a 'java/lang/NoClassDefFoundError': javax/annotation/Priority> (0x00000000eb690d38) thrown at [C:\re\workspace\8-2-build-windows-amd64-cygwin\jdk8u144\9417\hotspot\src\share\vm\classfile\systemDictionary.cpp, line 199]
Event: 5.188 Thread 0x00000000020a8000 Implicit null exception at 0x000000000296284b to 0x00000000029629fd
Event: 5.292 Thread 0x00000000020a8000 Exception <a 'java/lang/NullPointerException'> (0x00000000ebd23b50) thrown at [C:\re\workspace\8-2-build-windows-amd64-cygwin\jdk8u144\9417\hotspot\src\share\vm\interpreter\linkResolver.cpp, line 1197]
Event: 5.292 Thread 0x00000000020a8000 Exception <a 'java/lang/NullPointerException'> (0x00000000ebd23d68) thrown at [C:\re\workspace\8-2-build-windows-amd64-cygwin\jdk8u144\9417\hotspot\src\share\vm\interpreter\linkResolver.cpp, line 1197]
Event: 5.292 Thread 0x00000000020a8000 Exception <a 'java/lang/NullPointerException'> (0x00000000ebd23f80) thrown at [C:\re\workspace\8-2-build-windows-amd64-cygwin\jdk8u144\9417\hotspot\src\share\vm\interpreter\linkResolver.cpp, line 1197]
Event: 5.295 Thread 0x00000000020a8000 Exception <a 'java/lang/NullPointerException'> (0x00000000ebd3ab88) thrown at [C:\re\workspace\8-2-build-windows-amd64-cygwin\jdk8u144\9417\hotspot\src\share\vm\interpreter\linkResolver.cpp, line 1197]
Event: 5.295 Thread 0x00000000020a8000 Exception <a 'java/lang/NullPointerException'> (0x00000000ebd3ada0) thrown at [C:\re\workspace\8-2-build-windows-amd64-cygwin\jdk8u144\9417\hotspot\src\share\vm\interpreter\linkResolver.cpp, line 1197]
Event: 5.296 Thread 0x00000000020a8000 Exception <a 'java/lang/NullPointerException'> (0x00000000ebd3afb8) thrown at [C:\re\workspace\8-2-build-windows-amd64-cygwin\jdk8u144\9417\hotspot\src\share\vm\interpreter\linkResolver.cpp, line 1197]

Events (10 events):
Event: 5.805 Thread 0x00000000020a8000 DEOPT UNPACKING pc=0x00000000027e787f sp=0x00000000024cd2b0 mode 0
Event: 5.820 Thread 0x00000000020a8000 DEOPT PACKING pc=0x0000000002d17733 sp=0x00000000024cd350
Event: 5.820 Thread 0x00000000020a8000 DEOPT UNPACKING pc=0x00000000027e787f sp=0x00000000024cd150 mode 0
Event: 5.836 Thread 0x00000000020a8000 Uncommon trap: trap_request=0xffffff65 fr.pc=0x00000000029c32b8
Event: 5.836 Thread 0x00000000020a8000 DEOPT PACKING pc=0x00000000029c32b8 sp=0x00000000024cd610
Event: 5.836 Thread 0x00000000020a8000 DEOPT UNPACKING pc=0x00000000027e582a sp=0x00000000024cd568 mode 2
Event: 5.838 Thread 0x00000000020a8000 DEOPT PACKING pc=0x0000000002d17733 sp=0x00000000024cd200
Event: 5.838 Thread 0x00000000020a8000 DEOPT UNPACKING pc=0x00000000027e787f sp=0x00000000024cd000 mode 0
Event: 5.840 Thread 0x00000000020a8000 DEOPT PACKING pc=0x0000000002d17733 sp=0x00000000024cd200
Event: 5.840 Thread 0x00000000020a8000 DEOPT UNPACKING pc=0x00000000027e787f sp=0x00000000024cd000 mode 0


Dynamic libraries:
0x000000013ff30000 - 0x000000013ff67000 	C:\Program Files\Java\jdk1.8.0_144\bin\java.exe
0x0000000077be0000 - 0x0000000077d8a000 	C:\Windows\SYSTEM32\ntdll.dll
0x0000000077ac0000 - 0x0000000077bdf000 	C:\Windows\system32\kernel32.dll
0x000007fefd9c0000 - 0x000007fefda2a000 	C:\Windows\system32\KERNELBASE.dll
0x000007feffdb0000 - 0x000007feffe8b000 	C:\Windows\system32\ADVAPI32.dll
0x000007fefdfe0000 - 0x000007fefe07f000 	C:\Windows\system32\msvcrt.dll
0x000007fefe9f0000 - 0x000007fefea0f000 	C:\Windows\SYSTEM32\sechost.dll
0x000007fefdeb0000 - 0x000007fefdfdd000 	C:\Windows\system32\RPCRT4.dll
0x00000000779c0000 - 0x0000000077aba000 	C:\Windows\system32\USER32.dll
0x000007feffd40000 - 0x000007feffda7000 	C:\Windows\system32\GDI32.dll
0x000007fefe180000 - 0x000007fefe18e000 	C:\Windows\system32\LPK.dll
0x000007fefe740000 - 0x000007fefe80a000 	C:\Windows\system32\USP10.dll
0x000007fefbdc0000 - 0x000007fefbfb4000 	C:\Windows\WinSxS\amd64_microsoft.windows.common-controls_6595b64144ccf1df_6.0.7601.18837_none_fa3b1e3d17594757\COMCTL32.dll
0x000007fefe6c0000 - 0x000007fefe731000 	C:\Windows\system32\SHLWAPI.dll
0x000007fefe810000 - 0x000007fefe83e000 	C:\Windows\system32\IMM32.DLL
0x000007fefe840000 - 0x000007fefe949000 	C:\Windows\system32\MSCTF.dll
0x00000000671d0000 - 0x00000000672a2000 	C:\Program Files\Java\jdk1.8.0_144\jre\bin\msvcr100.dll
0x0000000065880000 - 0x000000006611d000 	C:\Program Files\Java\jdk1.8.0_144\jre\bin\server\jvm.dll
0x000007fef8520000 - 0x000007fef8529000 	C:\Windows\system32\WSOCK32.dll
0x000007feffcf0000 - 0x000007feffd3d000 	C:\Windows\system32\WS2_32.dll
0x000007fefe190000 - 0x000007fefe198000 	C:\Windows\system32\NSI.dll
0x000007fefa7d0000 - 0x000007fefa80b000 	C:\Windows\system32\WINMM.dll
0x000007fefd300000 - 0x000007fefd30c000 	C:\Windows\system32\VERSION.dll
0x0000000077db0000 - 0x0000000077db7000 	C:\Windows\system32\PSAPI.DLL
0x0000000067370000 - 0x000000006737f000 	C:\Program Files\Java\jdk1.8.0_144\jre\bin\verify.dll
0x00000000671a0000 - 0x00000000671c9000 	C:\Program Files\Java\jdk1.8.0_144\jre\bin\java.dll
0x0000000067180000 - 0x0000000067196000 	C:\Program Files\Java\jdk1.8.0_144\jre\bin\zip.dll
0x000007fefef60000 - 0x000007feffcea000 	C:\Windows\system32\SHELL32.dll
0x000007fefe430000 - 0x000007fefe633000 	C:\Windows\system32\ole32.dll
0x000007fefd960000 - 0x000007fefd96f000 	C:\Windows\system32\profapi.dll
0x000007fef9310000 - 0x000007fef931a000 	C:\Users\Leo\.maven\apache-maven-3.5.0\lib\jansi-native\windows64\jansi.dll
0x0000000067160000 - 0x000000006717a000 	C:\Program Files\Java\jdk1.8.0_144\jre\bin\net.dll
0x000007fefce40000 - 0x000007fefce95000 	C:\Windows\system32\mswsock.dll
0x000007fefce30000 - 0x000007fefce37000 	C:\Windows\System32\wship6.dll
0x0000000067140000 - 0x0000000067151000 	C:\Program Files\Java\jdk1.8.0_144\jre\bin\nio.dll

VM Arguments:
jvm_args: -Dclassworlds.conf=C:\Users\Leo\.maven\apache-maven-3.5.0\bin\..\bin\m2.conf -Dmaven.home=C:\Users\Leo\.maven\apache-maven-3.5.0\bin\.. -Dmaven.multiModuleProjectDirectory=C:\Users\Leo\eclipse-workspace\AWSDeviceFarmAppiumAndroidMaven 
java_command: org.codehaus.plexus.classworlds.launcher.Launcher clean -DskipTests=true package
java_class_path (initial): C:\Users\Leo\.maven\apache-maven-3.5.0\bin\..\boot\plexus-classworlds-2.5.2.jar
Launcher Type: SUN_STANDARD

Environment Variables:
JAVA_HOME=C:\Program Files\Java\jdk1.8.0_144
PATH=C:/Program Files/Java/jre1.8.0_144/bin/server;C:/Program Files/Java/jre1.8.0_144/bin;C:/Program Files/Java/jre1.8.0_144/lib/amd64;C:\ProgramData\Oracle\Java\javapath;C:\Program Files\Common Files\Microsoft Shared\Microsoft Online Services;C:\Program Files (x86)\Common Files\Microsoft Shared\Microsoft Online Services;C:\Program Files\Common Files\Microsoft Shared\Windows Live;C:\Program Files (x86)\Common Files\Microsoft Shared\Windows Live;C:\Program Files (x86)\ATI Stream\bin\x86_64;C:\Program Files (x86)\ATI Stream\bin\x86;C:\Windows\system32;C:\Windows;C:\Windows\System32\Wbem;C:\Windows\System32\WindowsPowerShell\v1.0\;C:\Program Files (x86)\ATI Technologies\ATI.ACE\Core-Static;C:\Program Files (x86)\Common Files\Roxio Shared\10.0\DLLShared\;C:\Program Files (x86)\Common Files\Roxio Shared\DLLShared\;C:\Program Files (x86)\Intel\Services\IPT\;C:\Program Files (x86)\Sony\VAIO Startup Setting Tool;C:\Program Files (x86)\Windows Live\Shared;C:\Program Files\Intel\WiFi\bin\;C:\Program Files\Common Files\Intel\WirelessCommon\;C:\Program Files (x86)\Symantec\VIP Access Client\;C:\Program Files (x86)\Skype\Phone\;C:\Program Files\nodejs\;C;C:\Program Files\Intel\WiFi\bin\;C:\Program Files\Common Files\Intel\WirelessCommon\;C:\Users\Leo\AppData\Roaming\npm;C:\Users\Leo\Downloads\eclipse-jee-oxygen-R-win32-x86_64\eclipse;
USERNAME=Leo
OS=Windows_NT
PROCESSOR_IDENTIFIER=Intel64 Family 6 Model 42 Stepping 7, GenuineIntel



---------------  S Y S T E M  ---------------

OS: Windows 7 , 64 bit Build 7601 (6.1.7601.23539)

CPU:total 4 (initial active 4) (2 cores per cpu, 2 threads per core) family 6 model 42 stepping 7, cmov, cx8, fxsr, mmx, sse, sse2, sse3, ssse3, sse4.1, sse4.2, popcnt, avx, clmul, ht, tsc, tscinvbit

Memory: 4k page, physical 4108100k(764892k free), swap 5803016k(5116k free)

vm_info: Java HotSpot(TM) 64-Bit Server VM (25.144-b01) for windows-amd64 JRE (1.8.0_144-b01), built on Jul 21 2017 21:57:33 by "java_re" with MS VC++ 10.0 (VS2010)

time: Thu Sep 28 09:26:35 2017
elapsed time: 5 seconds (0d 0h 0m 5s)

