#
# There is insufficient memory for the Java Runtime Environment to continue.
# Native memory allocation (malloc) failed to allocate 2061456 bytes for Chunk::new
# Possible reasons:
#   The system is out of physical RAM or swap space
#   In 32 bit mode, the process size limit was hit
# Possible solutions:
#   Reduce memory load on the system
#   Increase physical memory or swap space
#   Check if swap backing store is full
#   Use 64 bit Java on a 64 bit OS
#   Decrease Java heap size (-Xmx/-Xms)
#   Decrease number of Java threads
#   Decrease Java thread stack sizes (-Xss)
#   Set larger code cache with -XX:ReservedCodeCacheSize=
# This output file may be truncated or incomplete.
#
#  Out of Memory Error (allocation.cpp:390), pid=1432, tid=0x0000000000002a74
#
# JRE version: Java(TM) SE Runtime Environment (8.0_144-b01) (build 1.8.0_144-b01)
# Java VM: Java HotSpot(TM) 64-Bit Server VM (25.144-b01 mixed mode windows-amd64 compressed oops)
# Failed to write core dump. Minidumps are not enabled by default on client versions of Windows
#

---------------  T H R E A D  ---------------

Current thread (0x0000000054e1c800):  JavaThread "C2 CompilerThread1" daemon [_thread_in_native, id=10868, stack(0x0000000056af0000,0x0000000056bf0000)]

Stack: [0x0000000056af0000,0x0000000056bf0000]
[error occurred during error reporting (printing stack bounds), id 0xc0000005]

Native frames: (J=compiled Java code, j=interpreted, Vv=VM code, C=native code)


Current CompileTask:
C2:   7730 3165       4       java.net.URLClassLoader$1::run (5 bytes)


---------------  P R O C E S S  ---------------

Java Threads: ( => current thread )
  0x000000005671c800 JavaThread "Service Thread" daemon [_thread_blocked, id=1676, stack(0x0000000056d80000,0x0000000056e80000)]
  0x0000000054e1f800 JavaThread "C1 CompilerThread2" daemon [_thread_blocked, id=11192, stack(0x0000000056010000,0x0000000056110000)]
=>0x0000000054e1c800 JavaThread "C2 CompilerThread1" daemon [_thread_in_native, id=10868, stack(0x0000000056af0000,0x0000000056bf0000)]
  0x0000000054e1a000 JavaThread "C2 CompilerThread0" daemon [_thread_in_native, id=7448, stack(0x0000000056bf0000,0x0000000056cf0000)]
  0x0000000054e14800 JavaThread "Attach Listener" daemon [_thread_blocked, id=3960, stack(0x00000000565c0000,0x00000000566c0000)]
  0x0000000054e13000 JavaThread "Signal Dispatcher" daemon [_thread_blocked, id=8728, stack(0x0000000056270000,0x0000000056370000)]
  0x0000000054dfa800 JavaThread "Finalizer" daemon [_thread_blocked, id=1684, stack(0x0000000056390000,0x0000000056490000)]
  0x0000000054db3800 JavaThread "Reference Handler" daemon [_thread_blocked, id=7340, stack(0x0000000056150000,0x0000000056250000)]
  0x0000000002038000 JavaThread "main" [_thread_blocked, id=1448, stack(0x0000000002290000,0x0000000002390000)]

Other Threads:
  0x0000000054dac000 VMThread [stack: 0x0000000055f10000,0x0000000056010000] [id=9704]
  0x0000000056774000 WatcherThread [stack: 0x00000000564c0000,0x00000000565c0000] [id=8456]

VM state:at safepoint (normal execution)

VM Mutex/Monitor currently owned by a thread:  ([mutex/lock_event])
[0x000000000044cd80] Threads_lock - owner thread: 0x0000000054dac000
[0x000000000044d280] Heap_lock - owner thread: 0x0000000002038000

Heap:
 PSYoungGen      total 73216K, used 11568K [0x00000000eb180000, 0x00000000f4380000, 0x0000000100000000)
  eden space 65536K, 5% used [0x00000000eb180000,0x00000000eb5539f0,0x00000000ef180000)
  from space 7680K, 99% used [0x00000000ef180000,0x00000000ef8f8968,0x00000000ef900000)
  to   space 9216K, 71% used [0x00000000f3a80000,0x00000000f40e4030,0x00000000f4380000)
 ParOldGen       total 44032K, used 12755K [0x00000000c1400000, 0x00000000c3f00000, 0x00000000eb180000)
  object space 44032K, 28% used [0x00000000c1400000,0x00000000c2074f98,0x00000000c3f00000)
 Metaspace       used 19992K, capacity 20486K, committed 20608K, reserved 1071104K
  class space    used 2424K, capacity 2587K, committed 2688K, reserved 1048576K

Card table byte_map: [0x0000000011a20000,0x0000000011c20000] byte_map_base: 0x0000000011416000

Marking Bits: (ParMarkBitMap*) 0x0000000064c1d850
 Begin Bits: [0x00000000122c0000, 0x0000000013270000)
 End Bits:   [0x0000000013270000, 0x0000000014220000)

Polling page: 0x0000000000430000

CodeCache: size=245760Kb used=9996Kb max_used=10006Kb free=235763Kb
 bounds [0x0000000002660000, 0x0000000003030000, 0x0000000011660000]
 total_blobs=3542 nmethods=3169 adapters=285
 compilation: enabled

Compilation events (10 events):
Event: 7.625 Thread 0x0000000054e1f800 3193       3       com.sun.tools.javac.util.SharedNameTable$NameImpl::<init> (6 bytes)
Event: 7.626 Thread 0x0000000054e1f800 nmethod 3193 0x000000000302b790 code [0x000000000302b900, 0x000000000302bb30]
Event: 7.626 Thread 0x0000000054e1f800 3194       3       com.sun.tools.javac.util.Context::checkState (13 bytes)
Event: 7.626 Thread 0x0000000054e1f800 nmethod 3194 0x000000000277ea50 code [0x000000000277ebc0, 0x000000000277ede8]
Event: 7.654 Thread 0x0000000054e1f800 3195       3       com.sun.tools.javac.util.SharedNameTable::fromChars (187 bytes)
Event: 7.656 Thread 0x0000000054e1f800 nmethod 3195 0x0000000002770650 code [0x0000000002770860, 0x0000000002771338]
Event: 7.656 Thread 0x0000000054e1f800 3196       1       com.sun.tools.javac.util.SharedNameTable$NameImpl::getIndex (5 bytes)
Event: 7.657 Thread 0x0000000054e1f800 nmethod 3196 0x000000000277e790 code [0x000000000277e8e0, 0x000000000277e9f0]
Event: 7.660 Thread 0x0000000054e1f800 3197       3       com.sun.tools.javac.util.Context::uncheckedCast (2 bytes)
Event: 7.660 Thread 0x0000000054e1f800 nmethod 3197 0x000000000277e490 code [0x000000000277e5e0, 0x000000000277e710]

GC Heap History (10 events):
Event: 2.537 GC heap after
Heap after GC invocations=3 (full 0):
 PSYoungGen      total 18944K, used 2558K [0x00000000eb180000, 0x00000000ed680000, 0x0000000100000000)
  eden space 16384K, 0% used [0x00000000eb180000,0x00000000eb180000,0x00000000ec180000)
  from space 2560K, 99% used [0x00000000ec180000,0x00000000ec3ffad8,0x00000000ec400000)
  to   space 2560K, 0% used [0x00000000ed400000,0x00000000ed400000,0x00000000ed680000)
 ParOldGen       total 44032K, used 3248K [0x00000000c1400000, 0x00000000c3f00000, 0x00000000eb180000)
  object space 44032K, 7% used [0x00000000c1400000,0x00000000c172c120,0x00000000c3f00000)
 Metaspace       used 10113K, capacity 10264K, committed 10368K, reserved 1058816K
  class space    used 1248K, capacity 1313K, committed 1408K, reserved 1048576K
}
Event: 2.828 GC heap before
{Heap before GC invocations=4 (full 0):
 PSYoungGen      total 18944K, used 18942K [0x00000000eb180000, 0x00000000ed680000, 0x0000000100000000)
  eden space 16384K, 100% used [0x00000000eb180000,0x00000000ec180000,0x00000000ec180000)
  from space 2560K, 99% used [0x00000000ec180000,0x00000000ec3ffad8,0x00000000ec400000)
  to   space 2560K, 0% used [0x00000000ed400000,0x00000000ed400000,0x00000000ed680000)
 ParOldGen       total 44032K, used 3248K [0x00000000c1400000, 0x00000000c3f00000, 0x00000000eb180000)
  object space 44032K, 7% used [0x00000000c1400000,0x00000000c172c120,0x00000000c3f00000)
 Metaspace       used 12037K, capacity 12238K, committed 12416K, reserved 1060864K
  class space    used 1505K, capacity 1605K, committed 1664K, reserved 1048576K
Event: 2.834 GC heap after
Heap after GC invocations=4 (full 0):
 PSYoungGen      total 35328K, used 2544K [0x00000000eb180000, 0x00000000ed680000, 0x0000000100000000)
  eden space 32768K, 0% used [0x00000000eb180000,0x00000000eb180000,0x00000000ed180000)
  from space 2560K, 99% used [0x00000000ed400000,0x00000000ed67c050,0x00000000ed680000)
  to   space 2560K, 0% used [0x00000000ed180000,0x00000000ed180000,0x00000000ed400000)
 ParOldGen       total 44032K, used 5754K [0x00000000c1400000, 0x00000000c3f00000, 0x00000000eb180000)
  object space 44032K, 13% used [0x00000000c1400000,0x00000000c199ea30,0x00000000c3f00000)
 Metaspace       used 12037K, capacity 12238K, committed 12416K, reserved 1060864K
  class space    used 1505K, capacity 1605K, committed 1664K, reserved 1048576K
}
Event: 3.888 GC heap before
{Heap before GC invocations=5 (full 0):
 PSYoungGen      total 35328K, used 35312K [0x00000000eb180000, 0x00000000ed680000, 0x0000000100000000)
  eden space 32768K, 100% used [0x00000000eb180000,0x00000000ed180000,0x00000000ed180000)
  from space 2560K, 99% used [0x00000000ed400000,0x00000000ed67c050,0x00000000ed680000)
  to   space 2560K, 0% used [0x00000000ed180000,0x00000000ed180000,0x00000000ed400000)
 ParOldGen       total 44032K, used 5754K [0x00000000c1400000, 0x00000000c3f00000, 0x00000000eb180000)
  object space 44032K, 13% used [0x00000000c1400000,0x00000000c199ea30,0x00000000c3f00000)
 Metaspace       used 14885K, capacity 15100K, committed 15232K, reserved 1062912K
  class space    used 1821K, capacity 1906K, committed 1920K, reserved 1048576K
Event: 3.901 GC heap after
Heap after GC invocations=5 (full 0):
 PSYoungGen      total 35328K, used 2528K [0x00000000eb180000, 0x00000000f0080000, 0x0000000100000000)
  eden space 32768K, 0% used [0x00000000eb180000,0x00000000eb180000,0x00000000ed180000)
  from space 2560K, 98% used [0x00000000ed180000,0x00000000ed3f8020,0x00000000ed400000)
  to   space 7680K, 0% used [0x00000000ef900000,0x00000000ef900000,0x00000000f0080000)
 ParOldGen       total 44032K, used 10783K [0x00000000c1400000, 0x00000000c3f00000, 0x00000000eb180000)
  object space 44032K, 24% used [0x00000000c1400000,0x00000000c1e87df8,0x00000000c3f00000)
 Metaspace       used 14885K, capacity 15100K, committed 15232K, reserved 1062912K
  class space    used 1821K, capacity 1906K, committed 1920K, reserved 1048576K
}
Event: 5.006 GC heap before
{Heap before GC invocations=6 (full 0):
 PSYoungGen      total 35328K, used 35296K [0x00000000eb180000, 0x00000000f0080000, 0x0000000100000000)
  eden space 32768K, 100% used [0x00000000eb180000,0x00000000ed180000,0x00000000ed180000)
  from space 2560K, 98% used [0x00000000ed180000,0x00000000ed3f8020,0x00000000ed400000)
  to   space 7680K, 0% used [0x00000000ef900000,0x00000000ef900000,0x00000000f0080000)
 ParOldGen       total 44032K, used 10783K [0x00000000c1400000, 0x00000000c3f00000, 0x00000000eb180000)
  object space 44032K, 24% used [0x00000000c1400000,0x00000000c1e87df8,0x00000000c3f00000)
 Metaspace       used 15294K, capacity 15534K, committed 15872K, reserved 1062912K
  class space    used 1839K, capacity 1941K, committed 2048K, reserved 1048576K
Event: 5.017 GC heap after
Heap after GC invocations=6 (full 0):
 PSYoungGen      total 73216K, used 4608K [0x00000000eb180000, 0x00000000f0080000, 0x0000000100000000)
  eden space 65536K, 0% used [0x00000000eb180000,0x00000000eb180000,0x00000000ef180000)
  from space 7680K, 60% used [0x00000000ef900000,0x00000000efd80020,0x00000000f0080000)
  to   space 7680K, 0% used [0x00000000ef180000,0x00000000ef180000,0x00000000ef900000)
 ParOldGen       total 44032K, used 10791K [0x00000000c1400000, 0x00000000c3f00000, 0x00000000eb180000)
  object space 44032K, 24% used [0x00000000c1400000,0x00000000c1e89df8,0x00000000c3f00000)
 Metaspace       used 15294K, capacity 15534K, committed 15872K, reserved 1062912K
  class space    used 1839K, capacity 1941K, committed 2048K, reserved 1048576K
}
Event: 7.522 GC heap before
{Heap before GC invocations=7 (full 0):
 PSYoungGen      total 73216K, used 70144K [0x00000000eb180000, 0x00000000f0080000, 0x0000000100000000)
  eden space 65536K, 100% used [0x00000000eb180000,0x00000000ef180000,0x00000000ef180000)
  from space 7680K, 60% used [0x00000000ef900000,0x00000000efd80020,0x00000000f0080000)
  to   space 7680K, 0% used [0x00000000ef180000,0x00000000ef180000,0x00000000ef900000)
 ParOldGen       total 44032K, used 10791K [0x00000000c1400000, 0x00000000c3f00000, 0x00000000eb180000)
  object space 44032K, 24% used [0x00000000c1400000,0x00000000c1e89df8,0x00000000c3f00000)
 Metaspace       used 18959K, capacity 19430K, committed 19584K, reserved 1067008K
  class space    used 2297K, capacity 2427K, committed 2432K, reserved 1048576K
Event: 7.540 GC heap after
Heap after GC invocations=7 (full 0):
 PSYoungGen      total 73216K, used 7650K [0x00000000eb180000, 0x00000000f4380000, 0x0000000100000000)
  eden space 65536K, 0% used [0x00000000eb180000,0x00000000eb180000,0x00000000ef180000)
  from space 7680K, 99% used [0x00000000ef180000,0x00000000ef8f8968,0x00000000ef900000)
  to   space 9216K, 0% used [0x00000000f3a80000,0x00000000f3a80000,0x00000000f4380000)
 ParOldGen       total 44032K, used 12213K [0x00000000c1400000, 0x00000000c3f00000, 0x00000000eb180000)
  object space 44032K, 27% used [0x00000000c1400000,0x00000000c1fed758,0x00000000c3f00000)
 Metaspace       used 18959K, capacity 19430K, committed 19584K, reserved 1067008K
  class space    used 2297K, capacity 2427K, committed 2432K, reserved 1048576K
}
Event: 7.696 GC heap before
{Heap before GC invocations=8 (full 0):
 PSYoungGen      total 73216K, used 11568K [0x00000000eb180000, 0x00000000f4380000, 0x0000000100000000)
  eden space 65536K, 5% used [0x00000000eb180000,0x00000000eb5539f0,0x00000000ef180000)
  from space 7680K, 99% used [0x00000000ef180000,0x00000000ef8f8968,0x00000000ef900000)
  to   space 9216K, 0% used [0x00000000f3a80000,0x00000000f3a80000,0x00000000f4380000)
 ParOldGen       total 44032K, used 12213K [0x00000000c1400000, 0x00000000c3f00000, 0x00000000eb180000)
  object space 44032K, 27% used [0x00000000c1400000,0x00000000c1fed758,0x00000000c3f00000)
 Metaspace       used 19992K, capacity 20486K, committed 20608K, reserved 1071104K
  class space    used 2424K, capacity 2587K, committed 2688K, reserved 1048576K

Deoptimization events (10 events):
Event: 5.367 Thread 0x0000000002038000 Uncommon trap: reason=bimorphic action=maybe_recompile pc=0x0000000002c5c2c0 method=java.util.concurrent.ConcurrentHashMap.get(Ljava/lang/Object;)Ljava/lang/Object; @ 149
Event: 5.491 Thread 0x0000000002038000 Uncommon trap: reason=unstable_if action=reinterpret pc=0x0000000002bd3d2c method=sun.net.www.protocol.jar.Handler.parseURL(Ljava/net/URL;Ljava/lang/String;II)V @ 94
Event: 5.501 Thread 0x0000000002038000 Uncommon trap: reason=bimorphic action=maybe_recompile pc=0x0000000002c9803c method=java.util.regex.Pattern$CharProperty.match(Ljava/util/regex/Matcher;ILjava/lang/CharSequence;)Z @ 37
Event: 5.690 Thread 0x0000000002038000 Uncommon trap: reason=bimorphic action=maybe_recompile pc=0x0000000002c5c2c0 method=java.util.concurrent.ConcurrentHashMap.get(Ljava/lang/Object;)Ljava/lang/Object; @ 149
Event: 5.699 Thread 0x0000000002038000 Uncommon trap: reason=bimorphic action=maybe_recompile pc=0x0000000002c5c2c0 method=java.util.concurrent.ConcurrentHashMap.get(Ljava/lang/Object;)Ljava/lang/Object; @ 149
Event: 6.110 Thread 0x0000000002038000 Uncommon trap: reason=bimorphic action=maybe_recompile pc=0x0000000002c9803c method=java.util.regex.Pattern$CharProperty.match(Ljava/util/regex/Matcher;ILjava/lang/CharSequence;)Z @ 37
Event: 7.191 Thread 0x0000000002038000 Uncommon trap: reason=bimorphic action=maybe_recompile pc=0x0000000002c9803c method=java.util.regex.Pattern$CharProperty.match(Ljava/util/regex/Matcher;ILjava/lang/CharSequence;)Z @ 37
Event: 7.200 Thread 0x0000000002038000 Uncommon trap: reason=unstable_if action=reinterpret pc=0x0000000002f4e520 method=com.google.inject.internal.InjectorImpl.callInContext(Lcom/google/inject/internal/ContextualCallable;)Ljava/lang/Object; @ 161
Event: 7.248 Thread 0x0000000002038000 Uncommon trap: reason=unstable_if action=reinterpret pc=0x0000000002788508 method=java.net.URI.match(CJJ)Z @ 19
Event: 7.257 Thread 0x0000000002038000 Uncommon trap: reason=predicate action=maybe_recompile pc=0x0000000002d8b81c method=sun.misc.Resource.getBytes()[B @ 53

Internal exceptions (10 events):
Event: 3.201 Thread 0x0000000002038000 Exception <a 'java/lang/NullPointerException'> (0x00000000ebc230b8) thrown at [C:\re\workspace\8-2-build-windows-amd64-cygwin\jdk8u144\9417\hotspot\src\share\vm\interpreter\linkResolver.cpp, line 1197]
Event: 3.201 Thread 0x0000000002038000 Exception <a 'java/lang/NullPointerException'> (0x00000000ebc232d0) thrown at [C:\re\workspace\8-2-build-windows-amd64-cygwin\jdk8u144\9417\hotspot\src\share\vm\interpreter\linkResolver.cpp, line 1197]
Event: 3.203 Thread 0x0000000002038000 Exception <a 'java/lang/NullPointerException'> (0x00000000ebc39ed8) thrown at [C:\re\workspace\8-2-build-windows-amd64-cygwin\jdk8u144\9417\hotspot\src\share\vm\interpreter\linkResolver.cpp, line 1197]
Event: 3.203 Thread 0x0000000002038000 Exception <a 'java/lang/NullPointerException'> (0x00000000ebc3a0f0) thrown at [C:\re\workspace\8-2-build-windows-amd64-cygwin\jdk8u144\9417\hotspot\src\share\vm\interpreter\linkResolver.cpp, line 1197]
Event: 3.203 Thread 0x0000000002038000 Exception <a 'java/lang/NullPointerException'> (0x00000000ebc3a308) thrown at [C:\re\workspace\8-2-build-windows-amd64-cygwin\jdk8u144\9417\hotspot\src\share\vm\interpreter\linkResolver.cpp, line 1197]
Event: 3.596 Thread 0x0000000002038000 Implicit null exception at 0x0000000002a43b45 to 0x0000000002a43d19
Event: 3.597 Thread 0x0000000002038000 Implicit null exception at 0x000000000299102f to 0x0000000002991095
Event: 3.672 Thread 0x0000000002038000 Implicit null exception at 0x0000000002c5f949 to 0x0000000002c60a99
Event: 7.200 Thread 0x0000000002038000 Implicit null exception at 0x0000000002f4d6fc to 0x0000000002f4e505
Event: 7.248 Thread 0x0000000002038000 Exception <a 'java/lang/ClassNotFoundException': com/sun/tools/javac/api/JavacTool> (0x00000000eea97420) thrown at [C:\re\workspace\8-2-build-windows-amd64-cygwin\jdk8u144\9417\hotspot\src\share\vm\classfile\systemDictionary.cpp, line 210]

Events (10 events):
Event: 7.667 loading class com/sun/tools/javac/jvm/Gen$1 done
Event: 7.667 loading class com/sun/tools/javac/jvm/Gen$1ComplexityScanner
Event: 7.667 loading class com/sun/tools/javac/jvm/Gen$1ComplexityScanner done
Event: 7.669 loading class com/sun/tools/javac/comp/Lower
Event: 7.669 loading class com/sun/tools/javac/comp/Lower done
Event: 7.681 loading class com/sun/tools/javac/comp/Lower$1
Event: 7.681 loading class com/sun/tools/javac/comp/Lower$1 done
Event: 7.684 loading class com/sun/tools/javac/comp/Lower$TreeBuilder
Event: 7.684 loading class com/sun/tools/javac/comp/Lower$TreeBuilder done
Event: 7.696 Executing VM operation: CollectForMetadataAllocation


Dynamic libraries:
0x000000013f390000 - 0x000000013f3c7000 	C:\Program Files\Java\jdk1.8.0_144\bin\java.exe
0x0000000077a20000 - 0x0000000077bca000 	C:\Windows\SYSTEM32\ntdll.dll
0x0000000077800000 - 0x000000007791f000 	C:\Windows\system32\kernel32.dll
0x000007fefdad0000 - 0x000007fefdb3a000 	C:\Windows\system32\KERNELBASE.dll
0x000007feff5a0000 - 0x000007feff67b000 	C:\Windows\system32\ADVAPI32.dll
0x000007fefe520000 - 0x000007fefe5bf000 	C:\Windows\system32\msvcrt.dll
0x000007feff380000 - 0x000007feff39f000 	C:\Windows\SYSTEM32\sechost.dll
0x000007fefe3f0000 - 0x000007fefe51d000 	C:\Windows\system32\RPCRT4.dll
0x0000000077920000 - 0x0000000077a1a000 	C:\Windows\system32\USER32.dll
0x000007feff530000 - 0x000007feff597000 	C:\Windows\system32\GDI32.dll
0x000007feffb60000 - 0x000007feffb6e000 	C:\Windows\system32\LPK.dll
0x000007feffc10000 - 0x000007feffcda000 	C:\Windows\system32\USP10.dll
0x000007fefbee0000 - 0x000007fefc0d4000 	C:\Windows\WinSxS\amd64_microsoft.windows.common-controls_6595b64144ccf1df_6.0.7601.18837_none_fa3b1e3d17594757\COMCTL32.dll
0x000007fefe370000 - 0x000007fefe3e1000 	C:\Windows\system32\SHLWAPI.dll
0x000007feff350000 - 0x000007feff37e000 	C:\Windows\system32\IMM32.DLL
0x000007feff420000 - 0x000007feff529000 	C:\Windows\system32\MSCTF.dll
0x0000000072c60000 - 0x0000000072d32000 	C:\Program Files\Java\jdk1.8.0_144\jre\bin\msvcr100.dll
0x0000000064400000 - 0x0000000064c9d000 	C:\Program Files\Java\jdk1.8.0_144\jre\bin\server\jvm.dll
0x000007fef8350000 - 0x000007fef8359000 	C:\Windows\system32\WSOCK32.dll
0x000007feffce0000 - 0x000007feffd2d000 	C:\Windows\system32\WS2_32.dll
0x000007fefe070000 - 0x000007fefe078000 	C:\Windows\system32\NSI.dll
0x000007fefa690000 - 0x000007fefa6cb000 	C:\Windows\system32\WINMM.dll
0x000007fefc320000 - 0x000007fefc32c000 	C:\Windows\system32\VERSION.dll
0x0000000077be0000 - 0x0000000077be7000 	C:\Windows\system32\PSAPI.DLL
0x0000000072c50000 - 0x0000000072c5f000 	C:\Program Files\Java\jdk1.8.0_144\jre\bin\verify.dll
0x0000000072c20000 - 0x0000000072c49000 	C:\Program Files\Java\jdk1.8.0_144\jre\bin\java.dll
0x0000000072c00000 - 0x0000000072c16000 	C:\Program Files\Java\jdk1.8.0_144\jre\bin\zip.dll
0x000007fefe5c0000 - 0x000007feff34a000 	C:\Windows\system32\SHELL32.dll
0x000007feff950000 - 0x000007feffb53000 	C:\Windows\system32\ole32.dll
0x000007fefd7a0000 - 0x000007fefd7af000 	C:\Windows\system32\profapi.dll
0x000007fefa6e0000 - 0x000007fefa6ea000 	C:\Users\Leo\.maven\apache-maven-3.5.0\lib\jansi-native\windows64\jansi.dll
0x0000000072be0000 - 0x0000000072bfa000 	C:\Program Files\Java\jdk1.8.0_144\jre\bin\net.dll
0x000007fefcc80000 - 0x000007fefccd5000 	C:\Windows\system32\mswsock.dll
0x000007fefcc70000 - 0x000007fefcc77000 	C:\Windows\System32\wship6.dll
0x0000000072460000 - 0x0000000072471000 	C:\Program Files\Java\jdk1.8.0_144\jre\bin\nio.dll

VM Arguments:
jvm_args: -Dclassworlds.conf=C:\Users\Leo\.maven\apache-maven-3.5.0\bin\..\bin\m2.conf -Dmaven.home=C:\Users\Leo\.maven\apache-maven-3.5.0\bin\.. -Dmaven.multiModuleProjectDirectory=C:\Users\Leo\eclipse-workspace\AWSDeviceFarmAppiumAndroidMaven 
java_command: org.codehaus.plexus.classworlds.launcher.Launcher clean -DskipTests=true package
java_class_path (initial): C:\Users\Leo\.maven\apache-maven-3.5.0\bin\..\boot\plexus-classworlds-2.5.2.jar
Launcher Type: SUN_STANDARD

Environment Variables:
JAVA_HOME=C:\Program Files\Java\jdk1.8.0_144
PATH=C:/Program Files/Java/jre1.8.0_144/bin/server;C:/Program Files/Java/jre1.8.0_144/bin;C:/Program Files/Java/jre1.8.0_144/lib/amd64;C:\ProgramData\Oracle\Java\javapath;C:\Program Files\Common Files\Microsoft Shared\Microsoft Online Services;C:\Program Files (x86)\Common Files\Microsoft Shared\Microsoft Online Services;C:\Program Files\Common Files\Microsoft Shared\Windows Live;C:\Program Files (x86)\Common Files\Microsoft Shared\Windows Live;C:\Program Files (x86)\ATI Stream\bin\x86_64;C:\Program Files (x86)\ATI Stream\bin\x86;C:\Windows\system32;C:\Windows;C:\Windows\System32\Wbem;C:\Windows\System32\WindowsPowerShell\v1.0\;C:\Program Files (x86)\ATI Technologies\ATI.ACE\Core-Static;C:\Program Files (x86)\Common Files\Roxio Shared\10.0\DLLShared\;C:\Program Files (x86)\Common Files\Roxio Shared\DLLShared\;C:\Program Files (x86)\Intel\Services\IPT\;C:\Program Files (x86)\Sony\VAIO Startup Setting Tool;C:\Program Files (x86)\Windows Live\Shared;C:\Program Files\Intel\WiFi\bin\;C:\Program Files\Common Files\Intel\WirelessCommon\;C:\Program Files (x86)\Symantec\VIP Access Client\;C:\Program Files (x86)\Skype\Phone\;C:\Program Files\nodejs\;C;C:\Program Files\Intel\WiFi\bin\;C:\Program Files\Common Files\Intel\WirelessCommon\;C:\Users\Leo\AppData\Roaming\npm;C:\Users\Leo\Downloads\eclipse-jee-oxygen-R-win32-x86_64\eclipse;
USERNAME=Leo
OS=Windows_NT
PROCESSOR_IDENTIFIER=Intel64 Family 6 Model 42 Stepping 7, GenuineIntel



---------------  S Y S T E M  ---------------

OS: Windows 7 , 64 bit Build 7601 (6.1.7601.23539)

CPU:total 4 (initial active 4) (2 cores per cpu, 2 threads per core) family 6 model 42 stepping 7, cmov, cx8, fxsr, mmx, sse, sse2, sse3, ssse3, sse4.1, sse4.2, popcnt, avx, clmul, ht, tsc, tscinvbit

Memory: 4k page, physical 4108100k(100156k free), swap 6764760k(5300k free)

vm_info: Java HotSpot(TM) 64-Bit Server VM (25.144-b01) for windows-amd64 JRE (1.8.0_144-b01), built on Jul 21 2017 21:57:33 by "java_re" with MS VC++ 10.0 (VS2010)

time: Wed Sep 27 16:39:14 2017
elapsed time: 7 seconds (0d 0h 0m 7s)

