#
# There is insufficient memory for the Java Runtime Environment to continue.
# Native memory allocation (malloc) failed to allocate 32744 bytes for ChunkPool::allocate
# Possible reasons:
#   The system is out of physical RAM or swap space
#   In 32 bit mode, the process size limit was hit
# Possible solutions:
#   Reduce memory load on the system
#   Increase physical memory or swap space
#   Check if swap backing store is full
#   Use 64 bit Java on a 64 bit OS
#   Decrease Java heap size (-Xmx/-Xms)
#   Decrease number of Java threads
#   Decrease Java thread stack sizes (-Xss)
#   Set larger code cache with -XX:ReservedCodeCacheSize=
# This output file may be truncated or incomplete.
#
#  Out of Memory Error (allocation.cpp:273), pid=10076, tid=0x0000000000001e4c
#
# JRE version: Java(TM) SE Runtime Environment (8.0_144-b01) (build 1.8.0_144-b01)
# Java VM: Java HotSpot(TM) 64-Bit Server VM (25.144-b01 mixed mode windows-amd64 compressed oops)
# Failed to write core dump. Minidumps are not enabled by default on client versions of Windows
#

---------------  T H R E A D  ---------------

Current thread (0x0000000001fba000):  JavaThread "main" [_thread_in_vm, id=7756, stack(0x0000000002350000,0x0000000002450000)]

Stack: [0x0000000002350000,0x0000000002450000]
[error occurred during error reporting (printing stack bounds), id 0xc0000005]

Native frames: (J=compiled Java code, j=interpreted, Vv=VM code, C=native code)

Java frames: (J=compiled Java code, j=interpreted, Vv=VM code)
j  org.testng.TestNG.<clinit>()V+2
v  ~StubRoutines::call_stub
j  org.testng.remote.support.RemoteTestNGFactory6_12.createRemoteTestNG()Lorg/testng/remote/IRemoteTestNG;+0
j  org.testng.remote.RemoteTestNG.main([Ljava/lang/String;)V+119
v  ~StubRoutines::call_stub

---------------  P R O C E S S  ---------------

Java Threads: ( => current thread )
  0x00000000566f2800 JavaThread "Service Thread" daemon [_thread_blocked, id=844, stack(0x0000000056e80000,0x0000000056f80000)]
  0x00000000566ab800 JavaThread "C1 CompilerThread2" daemon [_thread_in_native, id=7236, stack(0x0000000056d00000,0x0000000056e00000)]
  0x0000000056685800 JavaThread "C2 CompilerThread1" daemon [_thread_blocked, id=10108, stack(0x0000000056450000,0x0000000056550000)]
  0x0000000056680800 JavaThread "C2 CompilerThread0" daemon [_thread_blocked, id=10412, stack(0x0000000056ad0000,0x0000000056bd0000)]
  0x0000000054f3d800 JavaThread "Attach Listener" daemon [_thread_blocked, id=10968, stack(0x0000000055e80000,0x0000000055f80000)]
  0x0000000054f3a800 JavaThread "Signal Dispatcher" daemon [_thread_blocked, id=11060, stack(0x0000000056580000,0x0000000056680000)]
  0x0000000054f1d000 JavaThread "Finalizer" daemon [_thread_blocked, id=6896, stack(0x0000000056340000,0x0000000056440000)]
  0x0000000054ed5800 JavaThread "Reference Handler" daemon [_thread_blocked, id=10252, stack(0x0000000056150000,0x0000000056250000)]
=>0x0000000001fba000 JavaThread "main" [_thread_in_vm, id=7756, stack(0x0000000002350000,0x0000000002450000)]

Other Threads:
  0x0000000054ece000 VMThread [stack: 0x0000000055f80000,0x0000000056080000] [id=6248]
  0x0000000056719000 WatcherThread [stack: 0x0000000057020000,0x0000000057120000] [id=10664]

VM state:not at safepoint (normal execution)

VM Mutex/Monitor currently owned by a thread: None

Heap:
 PSYoungGen      total 18944K, used 4949K [0x00000000eb180000, 0x00000000ec680000, 0x0000000100000000)
  eden space 16384K, 30% used [0x00000000eb180000,0x00000000eb6557e8,0x00000000ec180000)
  from space 2560K, 0% used [0x00000000ec400000,0x00000000ec400000,0x00000000ec680000)
  to   space 2560K, 0% used [0x00000000ec180000,0x00000000ec180000,0x00000000ec400000)
 ParOldGen       total 44032K, used 0K [0x00000000c1400000, 0x00000000c3f00000, 0x00000000eb180000)
  object space 44032K, 0% used [0x00000000c1400000,0x00000000c1400000,0x00000000c3f00000)
 Metaspace       used 4191K, capacity 5024K, committed 5248K, reserved 1056768K
  class space    used 487K, capacity 530K, committed 640K, reserved 1048576K

Card table byte_map: [0x0000000011ae0000,0x0000000011ce0000] byte_map_base: 0x00000000114d6000

Marking Bits: (ParMarkBitMap*) 0x000000006521d850
 Begin Bits: [0x00000000123e0000, 0x0000000013390000)
 End Bits:   [0x0000000013390000, 0x0000000014340000)

Polling page: 0x0000000001b50000

CodeCache: size=245760Kb used=1684Kb max_used=1695Kb free=244075Kb
 bounds [0x0000000002720000, 0x0000000002990000, 0x0000000011720000]
 total_blobs=547 nmethods=297 adapters=163
 compilation: enabled

Compilation events (10 events):
Event: 1.471 Thread 0x00000000566ab800  294   !   3       java.util.zip.InflaterInputStream::read (138 bytes)
Event: 1.472 Thread 0x00000000566ab800 nmethod 294 0x00000000028c24d0 code [0x00000000028c2740, 0x00000000028c37e8]
Event: 1.476 Thread 0x00000000566ab800  295       3       java.lang.String::concat (47 bytes)
Event: 1.476 Thread 0x00000000566ab800 nmethod 295 0x00000000028c4090 code [0x00000000028c4260, 0x00000000028c49f8]
Event: 1.476 Thread 0x00000000566ab800  296       3       java.lang.String::getChars (16 bytes)
Event: 1.476 Thread 0x00000000566ab800 nmethod 296 0x00000000028badd0 code [0x00000000028baf40, 0x00000000028bb148]
Event: 1.477 Thread 0x0000000056680800 nmethod 293 0x00000000028c7ed0 code [0x00000000028c8020, 0x00000000028c8538]
Event: 1.477 Thread 0x00000000566ab800  297       3       sun.net.www.protocol.file.Handler::parseURL (18 bytes)
Event: 1.477 Thread 0x00000000566ab800 nmethod 297 0x00000000028c79d0 code [0x00000000028c7b40, 0x00000000028c7db8]
Event: 1.477 Thread 0x00000000566ab800  298       3       java.net.URLStreamHandler::parseURL (1193 bytes)

GC Heap History (0 events):
No events

Deoptimization events (1 events):
Event: 0.269 Thread 0x0000000001fba000 Uncommon trap: reason=unstable_if action=reinterpret pc=0x00000000028399a8 method=java.lang.String.hashCode()I @ 14

Internal exceptions (10 events):
Event: 0.519 Thread 0x0000000001fba000 Exception <a 'java/security/PrivilegedActionException'> (0x00000000eb4e4de8) thrown at [C:\re\workspace\8-2-build-windows-amd64-cygwin\jdk8u144\9417\hotspot\src\share\vm\prims\jvm.cpp, line 1390]
Event: 0.519 Thread 0x0000000001fba000 Exception <a 'java/security/PrivilegedActionException'> (0x00000000eb4e4ff8) thrown at [C:\re\workspace\8-2-build-windows-amd64-cygwin\jdk8u144\9417\hotspot\src\share\vm\prims\jvm.cpp, line 1390]
Event: 1.362 Thread 0x0000000001fba000 Exception <a 'java/security/PrivilegedActionException'> (0x00000000eb56c480) thrown at [C:\re\workspace\8-2-build-windows-amd64-cygwin\jdk8u144\9417\hotspot\src\share\vm\prims\jvm.cpp, line 1390]
Event: 1.362 Thread 0x0000000001fba000 Exception <a 'java/security/PrivilegedActionException'> (0x00000000eb56c690) thrown at [C:\re\workspace\8-2-build-windows-amd64-cygwin\jdk8u144\9417\hotspot\src\share\vm\prims\jvm.cpp, line 1390]
Event: 1.368 Thread 0x0000000001fba000 Exception <a 'java/security/PrivilegedActionException'> (0x00000000eb578788) thrown at [C:\re\workspace\8-2-build-windows-amd64-cygwin\jdk8u144\9417\hotspot\src\share\vm\prims\jvm.cpp, line 1390]
Event: 1.368 Thread 0x0000000001fba000 Exception <a 'java/security/PrivilegedActionException'> (0x00000000eb578998) thrown at [C:\re\workspace\8-2-build-windows-amd64-cygwin\jdk8u144\9417\hotspot\src\share\vm\prims\jvm.cpp, line 1390]
Event: 1.368 Thread 0x0000000001fba000 Exception <a 'java/security/PrivilegedActionException'> (0x00000000eb579888) thrown at [C:\re\workspace\8-2-build-windows-amd64-cygwin\jdk8u144\9417\hotspot\src\share\vm\prims\jvm.cpp, line 1390]
Event: 1.369 Thread 0x0000000001fba000 Exception <a 'java/security/PrivilegedActionException'> (0x00000000eb579a98) thrown at [C:\re\workspace\8-2-build-windows-amd64-cygwin\jdk8u144\9417\hotspot\src\share\vm\prims\jvm.cpp, line 1390]
Event: 1.369 Thread 0x0000000001fba000 Exception <a 'java/security/PrivilegedActionException'> (0x00000000eb57a9c0) thrown at [C:\re\workspace\8-2-build-windows-amd64-cygwin\jdk8u144\9417\hotspot\src\share\vm\prims\jvm.cpp, line 1390]
Event: 1.369 Thread 0x0000000001fba000 Exception <a 'java/security/PrivilegedActionException'> (0x00000000eb57abd0) thrown at [C:\re\workspace\8-2-build-windows-amd64-cygwin\jdk8u144\9417\hotspot\src\share\vm\prims\jvm.cpp, line 1390]

Events (10 events):
Event: 1.483 loading class org/testng/remote/strprotocol/BaseMessageSender
Event: 1.483 loading class org/testng/remote/strprotocol/BaseMessageSender done
Event: 1.483 loading class org/testng/remote/strprotocol/SerializedMessageSender
Event: 1.483 loading class org/testng/remote/strprotocol/SerializedMessageSender done
Event: 1.483 loading class org/testng/remote/strprotocol/StringMessageSender
Event: 1.483 loading class org/testng/remote/strprotocol/StringMessageSender done
Event: 1.484 loading class org/testng/ITestRunnerFactory
Event: 1.484 loading class org/testng/ITestRunnerFactory done
Event: 1.484 loading class org/testng/log4testng/Logger
Event: 1.484 loading class org/testng/log4testng/Logger done


Dynamic libraries:
0x000000013f1e0000 - 0x000000013f217000 	C:\Program Files\Java\jre1.8.0_144\bin\javaw.exe
0x0000000077330000 - 0x00000000774da000 	C:\Windows\SYSTEM32\ntdll.dll
0x0000000077110000 - 0x000000007722f000 	C:\Windows\system32\kernel32.dll
0x000007fefd0d0000 - 0x000007fefd13a000 	C:\Windows\system32\KERNELBASE.dll
0x000007fefd740000 - 0x000007fefd81b000 	C:\Windows\system32\ADVAPI32.dll
0x000007fefdab0000 - 0x000007fefdb4f000 	C:\Windows\system32\msvcrt.dll
0x000007feff240000 - 0x000007feff25f000 	C:\Windows\SYSTEM32\sechost.dll
0x000007fefd8a0000 - 0x000007fefd9cd000 	C:\Windows\system32\RPCRT4.dll
0x0000000077230000 - 0x000000007732a000 	C:\Windows\system32\USER32.dll
0x000007fefdca0000 - 0x000007fefdd07000 	C:\Windows\system32\GDI32.dll
0x000007fefe460000 - 0x000007fefe46e000 	C:\Windows\system32\LPK.dll
0x000007fefdb50000 - 0x000007fefdc1a000 	C:\Windows\system32\USP10.dll
0x000007fefa600000 - 0x000007fefa7f4000 	C:\Windows\WinSxS\amd64_microsoft.windows.common-controls_6595b64144ccf1df_6.0.7601.18837_none_fa3b1e3d17594757\COMCTL32.dll
0x000007fefdc20000 - 0x000007fefdc91000 	C:\Windows\system32\SHLWAPI.dll
0x000007feff210000 - 0x000007feff23e000 	C:\Windows\system32\IMM32.DLL
0x000007fefe170000 - 0x000007fefe279000 	C:\Windows\system32\MSCTF.dll
0x00000000686d0000 - 0x00000000687a2000 	C:\Program Files\Java\jre1.8.0_144\bin\msvcr100.dll
0x0000000064a00000 - 0x000000006529d000 	C:\Program Files\Java\jre1.8.0_144\bin\server\jvm.dll
0x000007fef7c70000 - 0x000007fef7c79000 	C:\Windows\system32\WSOCK32.dll
0x000007feff360000 - 0x000007feff3ad000 	C:\Windows\system32\WS2_32.dll
0x000007fefe470000 - 0x000007fefe478000 	C:\Windows\system32\NSI.dll
0x000007fef9f10000 - 0x000007fef9f4b000 	C:\Windows\system32\WINMM.dll
0x000007fefcdc0000 - 0x000007fefcdcc000 	C:\Windows\system32\VERSION.dll
0x0000000077500000 - 0x0000000077507000 	C:\Windows\system32\PSAPI.DLL
0x000000006c640000 - 0x000000006c64f000 	C:\Program Files\Java\jre1.8.0_144\bin\verify.dll
0x000000006c610000 - 0x000000006c639000 	C:\Program Files\Java\jre1.8.0_144\bin\java.dll
0x000000006c5f0000 - 0x000000006c606000 	C:\Program Files\Java\jre1.8.0_144\bin\zip.dll
0x000007fefe480000 - 0x000007feff20a000 	C:\Windows\system32\SHELL32.dll
0x000007fefdd10000 - 0x000007fefdf13000 	C:\Windows\system32\ole32.dll
0x000007fefd0b0000 - 0x000007fefd0bf000 	C:\Windows\system32\profapi.dll

VM Arguments:
jvm_args: -ea -Dfile.encoding=Cp1252 
java_command: org.testng.remote.RemoteTestNG -serport 50747 -protocol json -d C:\Users\Leo\eclipse-workspace\AWSDeviceFarmAppiumAndroidMaven\test-output C:\Users\Leo\AppData\Local\Temp\testng-eclipse--890516696\testng-customsuite.xml
java_class_path (initial): C:\Users\Leo\Downloads\eclipse-jee-oxygen-R-win32-x86_64\eclipse\configuration\org.eclipse.osgi\1003\0\.cp\lib\testng-remote.jar;C:\Users\Leo\eclipse-workspace\AWSDeviceFarmAppiumAndroidMaven\target\test-classes;C:\Users\Leo\eclipse-workspace\AWSDeviceFarmAppiumAndroidMaven\target\classes;C:\Users\Leo\Downloads\eclipse-jee-oxygen-R-win32-x86_64\eclipse\plugins\org.testng_6.12.0.r201709030044.jar;C:\Users\Leo\Downloads\eclipse-jee-oxygen-R-win32-x86_64\eclipse\plugins\com.beust.jcommander_1.66.0.jar;C:\Users\Leo\Downloads\eclipse-jee-oxygen-R-win32-x86_64\eclipse\plugins\org.apache-extras.beanshell.bsh_2.0.0.b6.jar;C:\Users\Leo\Downloads\eclipse-jee-oxygen-R-win32-x86_64\eclipse\plugins\org.yaml.snakeyaml_1.17.0.jar;C:\Users\Leo\Downloads\java-client-5.0.3.jar;C:\Users\Leo\Downloads\selenium-server-standalone-3.5.3.jar;C:\Users\Leo\.m2\repository\junit\junit\3.8.1\junit-3.8.1.jar;C:\Users\Leo\.m2\repository\org\testng\testng\6.8.8\testng-6.8.8.jar;C:\Users\Leo\.m2\repository\org\beanshell\bsh\2.0b4\bsh-2.0b4.jar;C:\Users\Leo\.m2\repository\com\beust\jcommander\1.27\jcommander-1.27.jar;C:\Users\Leo\.m2\repository\org\seleniumhq\selenium\selenium-java\3.5.3\selenium-java-3.5.3.jar;C:\Users\Leo\.m2\repository\org\seleniumhq\selenium\selenium-api\3.5.3\selenium-api-3.5.3.jar;C:\Users\Leo\.m2\repository\org\seleniumhq\selenium\selenium-chrome-driver\3.5.3\selenium-chrome-driver-3.5.3.jar;C:\Users\Leo\.m2\repository\org\seleniumhq\selenium\selenium-edge-driver\3.5.3\selenium-edge-driver-3.5.3.jar;C:\Users\Leo\.m2\repository\org\seleniumhq\selenium\selenium-firefox-driver\3.5.3\selenium-firefox-driver-3.5.3.jar;C:\Users\Leo\.m2\repository\org\seleniumhq\selenium\selenium-ie-driver\3.5.3\selenium-ie-driver-3.5.3.jar;C:\Users\Leo\.m2\repository\org\seleniumhq\selenium\selenium-opera-driver\3.5.3\selenium-opera-driver-3.5.3.jar;C:\Users\Leo\.m2\repository\org\seleniumhq\selenium\selenium-remote-driver\3.5.3\selenium-remote-driver-3.5.3.jar;C:\Users
Launcher Type: SUN_STANDARD

Environment Variables:
JAVA_HOME=C:\Program Files\Java\jdk1.8.0_144
PATH=C:/Program Files/Java/jre1.8.0_144/bin/server;C:/Program Files/Java/jre1.8.0_144/bin;C:/Program Files/Java/jre1.8.0_144/lib/amd64;C:\ProgramData\Oracle\Java\javapath;C:\Program Files\Common Files\Microsoft Shared\Microsoft Online Services;C:\Program Files (x86)\Common Files\Microsoft Shared\Microsoft Online Services;C:\Program Files\Common Files\Microsoft Shared\Windows Live;C:\Program Files (x86)\Common Files\Microsoft Shared\Windows Live;C:\Program Files (x86)\ATI Stream\bin\x86_64;C:\Program Files (x86)\ATI Stream\bin\x86;C:\Windows\system32;C:\Windows;C:\Windows\System32\Wbem;C:\Windows\System32\WindowsPowerShell\v1.0\;C:\Program Files (x86)\ATI Technologies\ATI.ACE\Core-Static;C:\Program Files (x86)\Common Files\Roxio Shared\10.0\DLLShared\;C:\Program Files (x86)\Common Files\Roxio Shared\DLLShared\;C:\Program Files (x86)\Intel\Services\IPT\;C:\Program Files (x86)\Sony\VAIO Startup Setting Tool;C:\Program Files (x86)\Windows Live\Shared;C:\Program Files\Intel\WiFi\bin\;C:\Program Files\Common Files\Intel\WirelessCommon\;C:\Program Files (x86)\Symantec\VIP Access Client\;C:\Program Files (x86)\Skype\Phone\;C:\Program Files\nodejs\;C;C:\Program Files\Intel\WiFi\bin\;C:\Program Files\Common Files\Intel\WirelessCommon\;C:\Users\Leo\AppData\Roaming\npm;C:\Users\Leo\Downloads\eclipse-jee-oxygen-R-win32-x86_64\eclipse;
USERNAME=Leo
OS=Windows_NT
PROCESSOR_IDENTIFIER=Intel64 Family 6 Model 42 Stepping 7, GenuineIntel



---------------  S Y S T E M  ---------------

OS: Windows 7 , 64 bit Build 7601 (6.1.7601.23539)

CPU:total 4 (initial active 4) (2 cores per cpu, 2 threads per core) family 6 model 42 stepping 7, cmov, cx8, fxsr, mmx, sse, sse2, sse3, ssse3, sse4.1, sse4.2, popcnt, avx, clmul, ht, tsc, tscinvbit

Memory: 4k page, physical 4108100k(738048k free), swap 4144848k(5120k free)

vm_info: Java HotSpot(TM) 64-Bit Server VM (25.144-b01) for windows-amd64 JRE (1.8.0_144-b01), built on Jul 21 2017 21:57:33 by "java_re" with MS VC++ 10.0 (VS2010)

time: Thu Oct 05 14:15:08 2017
elapsed time: 1 seconds (0d 0h 0m 1s)

