#
# There is insufficient memory for the Java Runtime Environment to continue.
# Native memory allocation (malloc) failed to allocate 436816 bytes for Chunk::new
# Possible reasons:
#   The system is out of physical RAM or swap space
#   In 32 bit mode, the process size limit was hit
# Possible solutions:
#   Reduce memory load on the system
#   Increase physical memory or swap space
#   Check if swap backing store is full
#   Use 64 bit Java on a 64 bit OS
#   Decrease Java heap size (-Xmx/-Xms)
#   Decrease number of Java threads
#   Decrease Java thread stack sizes (-Xss)
#   Set larger code cache with -XX:ReservedCodeCacheSize=
# This output file may be truncated or incomplete.
#
#  Out of Memory Error (allocation.cpp:390), pid=12976, tid=0x00000000000033d8
#
# JRE version: Java(TM) SE Runtime Environment (8.0_144-b01) (build 1.8.0_144-b01)
# Java VM: Java HotSpot(TM) 64-Bit Server VM (25.144-b01 mixed mode windows-amd64 compressed oops)
# Failed to write core dump. Minidumps are not enabled by default on client versions of Windows
#

---------------  T H R E A D  ---------------

Current thread (0x0000000056406000):  JavaThread "C2 CompilerThread1" daemon [_thread_in_native, id=13272, stack(0x0000000056e50000,0x0000000056f50000)]

Stack: [0x0000000056e50000,0x0000000056f50000]
[error occurred during error reporting (printing stack bounds), id 0xc0000005]

Native frames: (J=compiled Java code, j=interpreted, Vv=VM code, C=native code)


Current CompileTask:
C2:   2616  828       4       java.io.WinNTFileSystem::normalize (143 bytes)


---------------  P R O C E S S  ---------------

Java Threads: ( => current thread )
  0x000000005644c000 JavaThread "Service Thread" daemon [_thread_blocked, id=11196, stack(0x0000000057020000,0x0000000057120000)]
  0x000000005640b000 JavaThread "C1 CompilerThread2" daemon [_thread_blocked, id=6720, stack(0x0000000056890000,0x0000000056990000)]
=>0x0000000056406000 JavaThread "C2 CompilerThread1" daemon [_thread_in_native, id=13272, stack(0x0000000056e50000,0x0000000056f50000)]
  0x0000000056404800 JavaThread "C2 CompilerThread0" daemon [_thread_blocked, id=11904, stack(0x0000000056c70000,0x0000000056d70000)]
  0x0000000055066000 JavaThread "Attach Listener" daemon [_thread_blocked, id=11568, stack(0x0000000056ac0000,0x0000000056bc0000)]
  0x0000000055065000 JavaThread "Signal Dispatcher" daemon [_thread_blocked, id=11848, stack(0x0000000056990000,0x0000000056a90000)]
  0x000000005504a800 JavaThread "Finalizer" daemon [_thread_blocked, id=12908, stack(0x00000000121e0000,0x00000000122e0000)]
  0x0000000055003800 JavaThread "Reference Handler" daemon [_thread_blocked, id=13188, stack(0x0000000056300000,0x0000000056400000)]
  0x0000000002058000 JavaThread "main" [_thread_in_vm, id=9984, stack(0x0000000002510000,0x0000000002610000)]

Other Threads:
  0x0000000054ffc000 VMThread [stack: 0x0000000056130000,0x0000000056230000] [id=10388]
  0x000000005649e800 WatcherThread [stack: 0x00000000572b0000,0x00000000573b0000] [id=10988]

VM state:not at safepoint (normal execution)

VM Mutex/Monitor currently owned by a thread: None

Heap:
 PSYoungGen      total 18944K, used 13652K [0x00000000eb180000, 0x00000000ec680000, 0x0000000100000000)
  eden space 16384K, 67% used [0x00000000eb180000,0x00000000ebc5a670,0x00000000ec180000)
  from space 2560K, 99% used [0x00000000ec400000,0x00000000ec67ad40,0x00000000ec680000)
  to   space 2560K, 0% used [0x00000000ec180000,0x00000000ec180000,0x00000000ec400000)
 ParOldGen       total 44032K, used 1354K [0x00000000c1400000, 0x00000000c3f00000, 0x00000000eb180000)
  object space 44032K, 3% used [0x00000000c1400000,0x00000000c1552808,0x00000000c3f00000)
 Metaspace       used 9349K, capacity 9480K, committed 9728K, reserved 1058816K
  class space    used 1140K, capacity 1178K, committed 1280K, reserved 1048576K

Card table byte_map: [0x0000000011ca0000,0x0000000011ea0000] byte_map_base: 0x0000000011696000

Marking Bits: (ParMarkBitMap*) 0x000000006609d850
 Begin Bits: [0x0000000012510000, 0x00000000134c0000)
 End Bits:   [0x00000000134c0000, 0x0000000014470000)

Polling page: 0x0000000000140000

CodeCache: size=245760Kb used=3554Kb max_used=3554Kb free=242205Kb
 bounds [0x00000000028e0000, 0x0000000002c60000, 0x00000000118e0000]
 total_blobs=1131 nmethods=829 adapters=215
 compilation: enabled

Compilation events (10 events):
Event: 2.593 Thread 0x000000005640b000 nmethod 824 0x0000000002c4ecd0 code [0x0000000002c4ee40, 0x0000000002c4f050]
Event: 2.594 Thread 0x000000005640b000  826       3       java.util.concurrent.atomic.AtomicReferenceArray::checkedByteOffset (45 bytes)
Event: 2.595 Thread 0x000000005640b000 nmethod 826 0x0000000002c4de10 code [0x0000000002c4e000, 0x0000000002c4e8b8]
Event: 2.595 Thread 0x000000005640b000  827       3       java.util.concurrent.atomic.AtomicReferenceArray::byteOffset (12 bytes)
Event: 2.595 Thread 0x000000005640b000 nmethod 827 0x0000000002c4db10 code [0x0000000002c4dc60, 0x0000000002c4ddb0]
Event: 2.596 Thread 0x0000000056406000  828       4       java.io.WinNTFileSystem::normalize (143 bytes)
Event: 2.601 Thread 0x000000005640b000  829       3       java.lang.Class::privateGetDeclaredFields (67 bytes)
Event: 2.602 Thread 0x000000005640b000 nmethod 829 0x0000000002c56490 code [0x0000000002c56680, 0x0000000002c56f88]
Event: 2.606 Thread 0x000000005640b000  830       3       com.google.inject.internal.MoreTypes::getGenericSupertype (136 bytes)
Event: 2.608 Thread 0x000000005640b000 nmethod 830 0x0000000002c543d0 code [0x0000000002c546e0, 0x0000000002c55bd8]

GC Heap History (4 events):
Event: 1.833 GC heap before
{Heap before GC invocations=1 (full 0):
 PSYoungGen      total 18944K, used 16384K [0x00000000eb180000, 0x00000000ec680000, 0x0000000100000000)
  eden space 16384K, 100% used [0x00000000eb180000,0x00000000ec180000,0x00000000ec180000)
  from space 2560K, 0% used [0x00000000ec400000,0x00000000ec400000,0x00000000ec680000)
  to   space 2560K, 0% used [0x00000000ec180000,0x00000000ec180000,0x00000000ec400000)
 ParOldGen       total 44032K, used 0K [0x00000000c1400000, 0x00000000c3f00000, 0x00000000eb180000)
  object space 44032K, 0% used [0x00000000c1400000,0x00000000c1400000,0x00000000c3f00000)
 Metaspace       used 6980K, capacity 7100K, committed 7296K, reserved 1056768K
  class space    used 818K, capacity 856K, committed 896K, reserved 1048576K
Event: 1.839 GC heap after
Heap after GC invocations=1 (full 0):
 PSYoungGen      total 18944K, used 2551K [0x00000000eb180000, 0x00000000ec680000, 0x0000000100000000)
  eden space 16384K, 0% used [0x00000000eb180000,0x00000000eb180000,0x00000000ec180000)
  from space 2560K, 99% used [0x00000000ec180000,0x00000000ec3fddd8,0x00000000ec400000)
  to   space 2560K, 0% used [0x00000000ec400000,0x00000000ec400000,0x00000000ec680000)
 ParOldGen       total 44032K, used 1055K [0x00000000c1400000, 0x00000000c3f00000, 0x00000000eb180000)
  object space 44032K, 2% used [0x00000000c1400000,0x00000000c1507ed0,0x00000000c3f00000)
 Metaspace       used 6980K, capacity 7100K, committed 7296K, reserved 1056768K
  class space    used 818K, capacity 856K, committed 896K, reserved 1048576K
}
Event: 2.173 GC heap before
{Heap before GC invocations=2 (full 0):
 PSYoungGen      total 18944K, used 18935K [0x00000000eb180000, 0x00000000ec680000, 0x0000000100000000)
  eden space 16384K, 100% used [0x00000000eb180000,0x00000000ec180000,0x00000000ec180000)
  from space 2560K, 99% used [0x00000000ec180000,0x00000000ec3fddd8,0x00000000ec400000)
  to   space 2560K, 0% used [0x00000000ec400000,0x00000000ec400000,0x00000000ec680000)
 ParOldGen       total 44032K, used 1055K [0x00000000c1400000, 0x00000000c3f00000, 0x00000000eb180000)
  object space 44032K, 2% used [0x00000000c1400000,0x00000000c1507ed0,0x00000000c3f00000)
 Metaspace       used 8151K, capacity 8284K, committed 8576K, reserved 1056768K
  class space    used 1009K, capacity 1080K, committed 1152K, reserved 1048576K
Event: 2.176 GC heap after
Heap after GC invocations=2 (full 0):
 PSYoungGen      total 18944K, used 2539K [0x00000000eb180000, 0x00000000ec680000, 0x0000000100000000)
  eden space 16384K, 0% used [0x00000000eb180000,0x00000000eb180000,0x00000000ec180000)
  from space 2560K, 99% used [0x00000000ec400000,0x00000000ec67ad40,0x00000000ec680000)
  to   space 2560K, 0% used [0x00000000ec180000,0x00000000ec180000,0x00000000ec400000)
 ParOldGen       total 44032K, used 1354K [0x00000000c1400000, 0x00000000c3f00000, 0x00000000eb180000)
  object space 44032K, 3% used [0x00000000c1400000,0x00000000c1552808,0x00000000c3f00000)
 Metaspace       used 8151K, capacity 8284K, committed 8576K, reserved 1056768K
  class space    used 1009K, capacity 1080K, committed 1152K, reserved 1048576K
}

Deoptimization events (9 events):
Event: 1.717 Thread 0x0000000002058000 Uncommon trap: reason=unstable_if action=reinterpret pc=0x0000000002a64dcc method=java.lang.String.indexOf([CII[CIII)I @ 3
Event: 1.949 Thread 0x0000000002058000 Uncommon trap: reason=unstable_if action=reinterpret pc=0x0000000002b3b284 method=java.nio.charset.CoderResult.isOverflow()Z @ 5
Event: 1.983 Thread 0x0000000002058000 Uncommon trap: reason=unstable_if action=reinterpret pc=0x0000000002b7e304 method=java.nio.charset.CoderResult.isOverflow()Z @ 5
Event: 1.990 Thread 0x0000000002058000 Uncommon trap: reason=unstable_if action=reinterpret pc=0x0000000002b78fb8 method=java.io.Reader.read()I @ 12
Event: 2.033 Thread 0x0000000002058000 Uncommon trap: reason=unstable_if action=reinterpret pc=0x0000000002b90fe8 method=sun.nio.cs.StreamDecoder.implRead([CII)I @ 71
Event: 2.084 Thread 0x0000000002058000 Uncommon trap: reason=unstable_if action=reinterpret pc=0x0000000002b8ba14 method=org.codehaus.plexus.util.xml.pull.MXParser.nextImpl()I @ 241
Event: 2.131 Thread 0x0000000002058000 Uncommon trap: reason=range_check action=make_not_entrant pc=0x0000000002b3ca10 method=sun.reflect.generics.parser.SignatureParser.current()C @ 34
Event: 2.506 Thread 0x0000000002058000 Uncommon trap: reason=unstable_if action=reinterpret pc=0x0000000002c0022c method=java.util.HashMap.getNode(ILjava/lang/Object;)Ljava/util/HashMap$Node; @ 129
Event: 2.506 Thread 0x0000000002058000 Uncommon trap: reason=unstable_if action=reinterpret pc=0x0000000002b39570 method=java.util.HashMap.getNode(ILjava/lang/Object;)Ljava/util/HashMap$Node; @ 129

Internal exceptions (10 events):
Event: 1.923 Thread 0x0000000002058000 Exception <a 'java/lang/ArrayIndexOutOfBoundsException'> (0x00000000eb488f28) thrown at [C:\re\workspace\8-2-build-windows-amd64-cygwin\jdk8u144\9417\hotspot\src\share\vm\runtime\sharedRuntime.cpp, line 605]
Event: 1.923 Thread 0x0000000002058000 Exception <a 'java/lang/ArrayIndexOutOfBoundsException'> (0x00000000eb489df8) thrown at [C:\re\workspace\8-2-build-windows-amd64-cygwin\jdk8u144\9417\hotspot\src\share\vm\runtime\sharedRuntime.cpp, line 605]
Event: 1.923 Thread 0x0000000002058000 Exception <a 'java/lang/ArrayIndexOutOfBoundsException'> (0x00000000eb48ac60) thrown at [C:\re\workspace\8-2-build-windows-amd64-cygwin\jdk8u144\9417\hotspot\src\share\vm\runtime\sharedRuntime.cpp, line 605]
Event: 1.923 Thread 0x0000000002058000 Exception <a 'java/lang/ArrayIndexOutOfBoundsException'> (0x00000000eb48cb20) thrown at [C:\re\workspace\8-2-build-windows-amd64-cygwin\jdk8u144\9417\hotspot\src\share\vm\runtime\sharedRuntime.cpp, line 605]
Event: 1.923 Thread 0x0000000002058000 Exception <a 'java/lang/ArrayIndexOutOfBoundsException'> (0x00000000eb48d8c0) thrown at [C:\re\workspace\8-2-build-windows-amd64-cygwin\jdk8u144\9417\hotspot\src\share\vm\runtime\sharedRuntime.cpp, line 605]
Event: 1.923 Thread 0x0000000002058000 Exception <a 'java/lang/ArrayIndexOutOfBoundsException'> (0x00000000eb48f620) thrown at [C:\re\workspace\8-2-build-windows-amd64-cygwin\jdk8u144\9417\hotspot\src\share\vm\runtime\sharedRuntime.cpp, line 605]
Event: 1.923 Thread 0x0000000002058000 Exception <a 'java/lang/ArrayIndexOutOfBoundsException'> (0x00000000eb491360) thrown at [C:\re\workspace\8-2-build-windows-amd64-cygwin\jdk8u144\9417\hotspot\src\share\vm\runtime\sharedRuntime.cpp, line 605]
Event: 1.923 Thread 0x0000000002058000 Exception <a 'java/lang/ArrayIndexOutOfBoundsException'> (0x00000000eb4928b8) thrown at [C:\re\workspace\8-2-build-windows-amd64-cygwin\jdk8u144\9417\hotspot\src\share\vm\runtime\sharedRuntime.cpp, line 605]
Event: 2.131 Thread 0x0000000002058000 Exception <a 'java/lang/ArrayIndexOutOfBoundsException': 73> (0x00000000ec091390) thrown at [C:\re\workspace\8-2-build-windows-amd64-cygwin\jdk8u144\9417\hotspot\src\share\vm\interpreter\interpreterRuntime.cpp, line 366]
Event: 2.131 Thread 0x0000000002058000 Exception <a 'java/lang/ArrayIndexOutOfBoundsException': 131> (0x00000000ec092d38) thrown at [C:\re\workspace\8-2-build-windows-amd64-cygwin\jdk8u144\9417\hotspot\src\share\vm\interpreter\interpreterRuntime.cpp, line 366]

Events (10 events):
Event: 2.610 loading class org/eclipse/sisu/space/asm/FieldWriter
Event: 2.610 loading class org/eclipse/sisu/space/asm/FieldWriter done
Event: 2.610 loading class org/eclipse/sisu/space/asm/MethodVisitor
Event: 2.610 loading class org/eclipse/sisu/space/asm/MethodVisitor done
Event: 2.611 loading class org/eclipse/sisu/space/asm/MethodWriter
Event: 2.611 loading class org/eclipse/sisu/space/asm/MethodWriter done
Event: 2.613 loading class org/eclipse/sisu/space/asm/ByteVector
Event: 2.613 loading class org/eclipse/sisu/space/asm/ByteVector done
Event: 2.614 loading class org/eclipse/sisu/space/asm/Item
Event: 2.614 loading class org/eclipse/sisu/space/asm/Item done


Dynamic libraries:
0x000000013f9b0000 - 0x000000013f9e7000 	C:\Program Files\Java\jdk1.8.0_144\bin\java.exe
0x0000000077be0000 - 0x0000000077d8a000 	C:\Windows\SYSTEM32\ntdll.dll
0x0000000077ac0000 - 0x0000000077bdf000 	C:\Windows\system32\kernel32.dll
0x000007fefd9c0000 - 0x000007fefda2a000 	C:\Windows\system32\KERNELBASE.dll
0x000007feffdb0000 - 0x000007feffe8b000 	C:\Windows\system32\ADVAPI32.dll
0x000007fefdfe0000 - 0x000007fefe07f000 	C:\Windows\system32\msvcrt.dll
0x000007fefe9f0000 - 0x000007fefea0f000 	C:\Windows\SYSTEM32\sechost.dll
0x000007fefdeb0000 - 0x000007fefdfdd000 	C:\Windows\system32\RPCRT4.dll
0x00000000779c0000 - 0x0000000077aba000 	C:\Windows\system32\USER32.dll
0x000007feffd40000 - 0x000007feffda7000 	C:\Windows\system32\GDI32.dll
0x000007fefe180000 - 0x000007fefe18e000 	C:\Windows\system32\LPK.dll
0x000007fefe740000 - 0x000007fefe80a000 	C:\Windows\system32\USP10.dll
0x000007fefbdc0000 - 0x000007fefbfb4000 	C:\Windows\WinSxS\amd64_microsoft.windows.common-controls_6595b64144ccf1df_6.0.7601.18837_none_fa3b1e3d17594757\COMCTL32.dll
0x000007fefe6c0000 - 0x000007fefe731000 	C:\Windows\system32\SHLWAPI.dll
0x000007fefe810000 - 0x000007fefe83e000 	C:\Windows\system32\IMM32.DLL
0x000007fefe840000 - 0x000007fefe949000 	C:\Windows\system32\MSCTF.dll
0x0000000067040000 - 0x0000000067112000 	C:\Program Files\Java\jdk1.8.0_144\jre\bin\msvcr100.dll
0x0000000065880000 - 0x000000006611d000 	C:\Program Files\Java\jdk1.8.0_144\jre\bin\server\jvm.dll
0x000007fef8520000 - 0x000007fef8529000 	C:\Windows\system32\WSOCK32.dll
0x000007feffcf0000 - 0x000007feffd3d000 	C:\Windows\system32\WS2_32.dll
0x000007fefe190000 - 0x000007fefe198000 	C:\Windows\system32\NSI.dll
0x000007fefa7d0000 - 0x000007fefa80b000 	C:\Windows\system32\WINMM.dll
0x000007fefd300000 - 0x000007fefd30c000 	C:\Windows\system32\VERSION.dll
0x0000000077db0000 - 0x0000000077db7000 	C:\Windows\system32\PSAPI.DLL
0x000000006ac80000 - 0x000000006ac8f000 	C:\Program Files\Java\jdk1.8.0_144\jre\bin\verify.dll
0x000000006ac50000 - 0x000000006ac79000 	C:\Program Files\Java\jdk1.8.0_144\jre\bin\java.dll
0x0000000067480000 - 0x0000000067496000 	C:\Program Files\Java\jdk1.8.0_144\jre\bin\zip.dll
0x000007fefef60000 - 0x000007feffcea000 	C:\Windows\system32\SHELL32.dll
0x000007fefe430000 - 0x000007fefe633000 	C:\Windows\system32\ole32.dll
0x000007fefd960000 - 0x000007fefd96f000 	C:\Windows\system32\profapi.dll
0x000007fefbd90000 - 0x000007fefbd9a000 	C:\Users\Leo\.maven\apache-maven-3.5.0\lib\jansi-native\windows64\jansi.dll

VM Arguments:
jvm_args: -Dclassworlds.conf=C:\Users\Leo\.maven\apache-maven-3.5.0\bin\..\bin\m2.conf -Dmaven.home=C:\Users\Leo\.maven\apache-maven-3.5.0\bin\.. -Dmaven.multiModuleProjectDirectory=C:\Users\Leo\eclipse-workspace\AWSDeviceFarmAppiumAndroidMaven 
java_command: org.codehaus.plexus.classworlds.launcher.Launcher clean -DskipTests=true package
java_class_path (initial): C:\Users\Leo\.maven\apache-maven-3.5.0\bin\..\boot\plexus-classworlds-2.5.2.jar
Launcher Type: SUN_STANDARD

Environment Variables:
JAVA_HOME=C:\Program Files\Java\jdk1.8.0_144
PATH=C:/Program Files/Java/jre1.8.0_144/bin/server;C:/Program Files/Java/jre1.8.0_144/bin;C:/Program Files/Java/jre1.8.0_144/lib/amd64;C:\ProgramData\Oracle\Java\javapath;C:\Program Files\Common Files\Microsoft Shared\Microsoft Online Services;C:\Program Files (x86)\Common Files\Microsoft Shared\Microsoft Online Services;C:\Program Files\Common Files\Microsoft Shared\Windows Live;C:\Program Files (x86)\Common Files\Microsoft Shared\Windows Live;C:\Program Files (x86)\ATI Stream\bin\x86_64;C:\Program Files (x86)\ATI Stream\bin\x86;C:\Windows\system32;C:\Windows;C:\Windows\System32\Wbem;C:\Windows\System32\WindowsPowerShell\v1.0\;C:\Program Files (x86)\ATI Technologies\ATI.ACE\Core-Static;C:\Program Files (x86)\Common Files\Roxio Shared\10.0\DLLShared\;C:\Program Files (x86)\Common Files\Roxio Shared\DLLShared\;C:\Program Files (x86)\Intel\Services\IPT\;C:\Program Files (x86)\Sony\VAIO Startup Setting Tool;C:\Program Files (x86)\Windows Live\Shared;C:\Program Files\Intel\WiFi\bin\;C:\Program Files\Common Files\Intel\WirelessCommon\;C:\Program Files (x86)\Symantec\VIP Access Client\;C:\Program Files (x86)\Skype\Phone\;C:\Program Files\nodejs\;C;C:\Program Files\Intel\WiFi\bin\;C:\Program Files\Common Files\Intel\WirelessCommon\;C:\Users\Leo\AppData\Roaming\npm;C:\Users\Leo\Downloads\eclipse-jee-oxygen-R-win32-x86_64\eclipse;
USERNAME=Leo
OS=Windows_NT
PROCESSOR_IDENTIFIER=Intel64 Family 6 Model 42 Stepping 7, GenuineIntel



---------------  S Y S T E M  ---------------

OS: Windows 7 , 64 bit Build 7601 (6.1.7601.23539)

CPU:total 4 (initial active 4) (2 cores per cpu, 2 threads per core) family 6 model 42 stepping 7, cmov, cx8, fxsr, mmx, sse, sse2, sse3, ssse3, sse4.1, sse4.2, popcnt, avx, clmul, ht, tsc, tscinvbit

Memory: 4k page, physical 4108100k(758232k free), swap 5803016k(5132k free)

vm_info: Java HotSpot(TM) 64-Bit Server VM (25.144-b01) for windows-amd64 JRE (1.8.0_144-b01), built on Jul 21 2017 21:57:33 by "java_re" with MS VC++ 10.0 (VS2010)

time: Thu Sep 28 15:08:45 2017
elapsed time: 2 seconds (0d 0h 0m 2s)

